<?xml version="1.0" encoding="UTF-8"?>
<testsuite xmlns:xsi="http://www.w3.org/2001/XMLSchema-instance" xsi:noNamespaceSchemaLocation="https://maven.apache.org/surefire/maven-failsafe-plugin/xsd/failsafe-test-report-3.0.xsd" version="3.0" name="starter.CucumberTestSuite" time="11.679" tests="12" errors="0" skipped="0" failures="0">
  <properties>
[...]
</properties>
  <testcase name="PUT - As admin I have be able to approve an article" classname="ArticleAdmin" time="3.278">
    <system-out><![CDATA[15:25:02.132 [main] DEBUG net.thucydides.core.guice.Injectors - Created injector for module net.thucydides.core.guice.ThucydidesModule
15:25:02.317 [main] INFO io.cucumber.core.plugin.SerenityReporter - Running feature from file:///C:/Users/VICTUS/IdeaProjects/RestAssuredCapstoneProject/src/test/resources/features/ArticleAdmin.feature
15:25:02.446 [main] DEBUG net.thucydides.core.guice.Injectors - Created injector for module net.thucydides.core.guice.webdriver.WebDriverModule
15:25:02.458 [main] INFO  - 

-------------------------------------------------------------------------------------
     _______. _______ .______       _______ .__   __.  __  .___________.____    ____ 
    /       ||   ____||   _  \     |   ____||  \ |  | |  | |           |\   \  /   / 
   |   (----`|  |__   |  |_)  |    |  |__   |   \|  | |  | `---|  |----` \   \/   /  
    \   \    |   __|  |      /     |   __|  |  . `  | |  |     |  |       \_    _/   
.----)   |   |  |____ |  |\  \----.|  |____ |  |\   | |  |     |  |         |  |     
|_______/    |_______|| _| `._____||_______||__| \__| |__|     |__|         |__|    
                                                                                     
 News and tutorials at http://www.serenity-bdd.info                                  
 Documentation at https://wakaleo.gitbooks.io/the-serenity-book/content/             
 Join the Serenity Community on Gitter: https://gitter.im/serenity-bdd/serenity-core 
 Serenity BDD Support and Training at http://serenity-bdd.info/#/trainingandsupport  
-------------------------------------------------------------------------------------

15:25:02.461 [main] DEBUG net.thucydides.core.steps.StepEventBus - Test suite started for story net.thucydides.core.model.Story@45e7c928
15:25:02.463 [main] INFO  - Test Suite Started: Article admin
15:25:02.472 [main] INFO io.cucumber.core.plugin.SerenityReporter - Running feature from file:///C:/Users/VICTUS/IdeaProjects/RestAssuredCapstoneProject/src/test/resources/features/AuthAdmin.feature
15:25:02.476 [main] DEBUG net.thucydides.core.steps.StepEventBus - Test suite started for story net.thucydides.core.model.Story@e7e038a8
15:25:02.476 [main] INFO  - Test Suite Started: Auth admin
15:25:02.477 [main] INFO io.cucumber.core.plugin.SerenityReporter - Running feature from file:///C:/Users/VICTUS/IdeaProjects/RestAssuredCapstoneProject/src/test/resources/features/AuthUser.feature
15:25:02.479 [main] DEBUG net.thucydides.core.steps.StepEventBus - Test suite started for story net.thucydides.core.model.Story@e2dc8d13
15:25:02.479 [main] INFO  - Test Suite Started: Auth
15:25:02.479 [main] INFO io.cucumber.core.plugin.SerenityReporter - Running feature from file:///C:/Users/VICTUS/IdeaProjects/RestAssuredCapstoneProject/src/test/resources/features/GetDocIdUser.feature
15:25:02.484 [main] DEBUG net.thucydides.core.steps.StepEventBus - Test suite started for story net.thucydides.core.model.Story@8f785b15
15:25:02.484 [main] INFO  - Test Suite Started: Get doctor id user
15:25:02.485 [main] INFO io.cucumber.core.plugin.SerenityReporter - Running feature from file:///C:/Users/VICTUS/IdeaProjects/RestAssuredCapstoneProject/src/test/resources/features/SearchArticleUser.feature
15:25:02.487 [main] DEBUG net.thucydides.core.steps.StepEventBus - Test suite started for story net.thucydides.core.model.Story@b75a3c73
15:25:02.487 [main] INFO  - Test Suite Started: Search article
15:25:02.487 [main] INFO io.cucumber.core.plugin.SerenityReporter - Running feature from file:///C:/Users/VICTUS/IdeaProjects/RestAssuredCapstoneProject/src/test/resources/features/ArticleAdmin.feature
15:25:02.489 [main] DEBUG net.thucydides.core.steps.StepEventBus - Test suite started for story net.thucydides.core.model.Story@45e7c928
15:25:02.491 [main] INFO  - Test Suite Started: Article admin

Scenario: PUT - As admin I have be able to approve an article &amp#27;[90m# src/test/resources/features/ArticleAdmin.feature:6&amp#27;[0m
15:25:02.556 [main] INFO io.cucumber.core.plugin.SerenityReporter - Running feature from file:///C:/Users/VICTUS/IdeaProjects/RestAssuredCapstoneProject/src/test/resources/features/ArticleAdmin.feature
15:25:02.624 [main] INFO  - 
  _____   ___   ___   _____     ___   _____     _     ___   _____   ___   ___  
 |_   _| | __| / __| |_   _|   / __| |_   _|   /_\   | _ \ |_   _| | __| |   \ 
   | |   | _|  \__ \   | |     \__ \   | |    / _ \  |   /   | |   | _|  | |) |
   |_|   |___| |___/   |_|     |___/   |_|   /_/ \_\ |_|_\   |_|   |___| |___/ 

PUT - As admin I have be able to approve an article(articleadmin;put---as-admin-i-have-be-able-to-approve-an-article)
--------------------------------------------------------------------------------
15:25:02.979 [main] DEBUG net.thucydides.core.steps.StepInterceptor - STARTING STEP: ArticleAdminSteps.setPostApiEndpoints - I set PUT API endpoint
15:25:02.980 [main] DEBUG net.thucydides.core.steps.StepInterceptor - STEP DONE: I set PUT API endpoint
  &amp#27;[32mGiven &amp#27;[0m&amp#27;[32mI set PUT API endpoint&amp#27;[0m                                &amp#27;[90m# starter.stepDefinition.ArticleAdminSteps.setPostApiEndpoints()&amp#27;[0m
15:25:02.987 [main] DEBUG net.thucydides.core.steps.StepInterceptor - STARTING STEP: ArticleAdminSteps.sendPostHttpRequest - I send PUT Http Request
15:25:04.163 [main] DEBUG net.thucydides.core.steps.StepInterceptor - STARTING STEP: PosApproveArtc.sendPostHttpRequest - I set PUT API endpoint
15:25:04.163 [main] DEBUG net.thucydides.core.steps.StepInterceptor - STEP DONE: I set PUT API endpoint
15:25:04.628 [main] DEBUG org.apache.http.impl.conn.BasicClientConnectionManager - Get connection for route {s}->https://capstone-project.duckdns.org:8080
15:25:04.986 [main] DEBUG org.apache.http.impl.conn.DefaultClientConnectionOperator - Connecting to capstone-project.duckdns.org:8080
15:25:05.199 [main] DEBUG org.apache.http.client.protocol.RequestAddCookies - CookieSpec selected: ignoreCookies
15:25:05.199 [main] DEBUG org.apache.http.client.protocol.RequestAuthCache - Auth cache not set in the context
15:25:05.199 [main] DEBUG org.apache.http.client.protocol.RequestProxyAuthentication - Proxy auth state: UNCHALLENGED
15:25:05.200 [main] DEBUG org.apache.http.impl.client.DefaultHttpClient - Attempt 1 to execute request
15:25:05.200 [main] DEBUG org.apache.http.impl.conn.DefaultClientConnection - Sending request: PUT /admin/articles/21 HTTP/1.1
15:25:05.200 [main] DEBUG org.apache.http.wire -  >> "PUT /admin/articles/21 HTTP/1.1[\r][\n]"
15:25:05.200 [main] DEBUG org.apache.http.wire -  >> "Authorization: Bearer eyJhbGciOiJIUzI1NiIsInR5cCI6IkpXVCJ9.eyJhZG1pbl9pZCI6MSwiYXV0aG9yaXplZCI6dHJ1ZSwiZXhwIjoxNjg3ODQzOTg1fQ.LasIIXHip-iUUTecrsXhszZfnycHm30wwWneOG_MDWc[\r][\n]"
15:25:05.201 [main] DEBUG org.apache.http.wire -  >> "Accept: */*[\r][\n]"
15:25:05.201 [main] DEBUG org.apache.http.wire -  >> "Content-Type: application/json[\r][\n]"
15:25:05.201 [main] DEBUG org.apache.http.wire -  >> "Content-Length: 22[\r][\n]"
15:25:05.201 [main] DEBUG org.apache.http.wire -  >> "Host: capstone-project.duckdns.org:8080[\r][\n]"
15:25:05.201 [main] DEBUG org.apache.http.wire -  >> "Connection: Keep-Alive[\r][\n]"
15:25:05.201 [main] DEBUG org.apache.http.wire -  >> "User-Agent: Apache-HttpClient/4.5.13 (Java/17.0.3.1)[\r][\n]"
15:25:05.201 [main] DEBUG org.apache.http.wire -  >> "Accept-Encoding: gzip,deflate[\r][\n]"
15:25:05.201 [main] DEBUG org.apache.http.wire -  >> "[\r][\n]"
15:25:05.201 [main] DEBUG org.apache.http.headers - >> PUT /admin/articles/21 HTTP/1.1
15:25:05.201 [main] DEBUG org.apache.http.headers - >> Authorization: Bearer eyJhbGciOiJIUzI1NiIsInR5cCI6IkpXVCJ9.eyJhZG1pbl9pZCI6MSwiYXV0aG9yaXplZCI6dHJ1ZSwiZXhwIjoxNjg3ODQzOTg1fQ.LasIIXHip-iUUTecrsXhszZfnycHm30wwWneOG_MDWc
15:25:05.201 [main] DEBUG org.apache.http.headers - >> Accept: */*
15:25:05.201 [main] DEBUG org.apache.http.headers - >> Content-Type: application/json
15:25:05.201 [main] DEBUG org.apache.http.headers - >> Content-Length: 22
15:25:05.201 [main] DEBUG org.apache.http.headers - >> Host: capstone-project.duckdns.org:8080
15:25:05.201 [main] DEBUG org.apache.http.headers - >> Connection: Keep-Alive
15:25:05.201 [main] DEBUG org.apache.http.headers - >> User-Agent: Apache-HttpClient/4.5.13 (Java/17.0.3.1)
15:25:05.201 [main] DEBUG org.apache.http.headers - >> Accept-Encoding: gzip,deflate
15:25:05.201 [main] DEBUG org.apache.http.wire -  >> "{"status":"disetujui"}"
15:25:05.271 [main] DEBUG org.apache.http.wire -  << "HTTP/1.1 200 OK[\r][\n]"
15:25:05.272 [main] DEBUG org.apache.http.wire -  << "Content-Type: application/json; charset=UTF-8[\r][\n]"
15:25:05.272 [main] DEBUG org.apache.http.wire -  << "Vary: Origin[\r][\n]"
15:25:05.272 [main] DEBUG org.apache.http.wire -  << "Date: Mon, 26 Jun 2023 08:25:11 GMT[\r][\n]"
15:25:05.272 [main] DEBUG org.apache.http.wire -  << "Content-Length: 37[\r][\n]"
15:25:05.272 [main] DEBUG org.apache.http.wire -  << "[\r][\n]"
15:25:05.272 [main] DEBUG org.apache.http.impl.conn.DefaultClientConnection - Receiving response: HTTP/1.1 200 OK
15:25:05.272 [main] DEBUG org.apache.http.headers - << HTTP/1.1 200 OK
15:25:05.272 [main] DEBUG org.apache.http.headers - << Content-Type: application/json; charset=UTF-8
15:25:05.272 [main] DEBUG org.apache.http.headers - << Vary: Origin
15:25:05.272 [main] DEBUG org.apache.http.headers - << Date: Mon, 26 Jun 2023 08:25:11 GMT
15:25:05.272 [main] DEBUG org.apache.http.headers - << Content-Length: 37
15:25:05.274 [main] DEBUG org.apache.http.impl.client.DefaultHttpClient - Connection can be kept alive indefinitely
15:25:05.277 [main] DEBUG io.restassured.internal.RestAssuredHttpBuilder - Parsing response as: application/json; charset=UTF-8
15:25:05.277 [main] DEBUG io.restassured.internal.RestAssuredHttpBuilder - Parsed data to instance of: class org.apache.http.conn.EofSensorInputStream
15:25:05.301 [main] DEBUG org.apache.http.wire -  << "{"message":"success manage article"}[\n]"
15:25:05.302 [main] DEBUG org.apache.http.impl.conn.BasicClientConnectionManager - Releasing connection org.apache.http.impl.conn.ManagedClientConnectionImpl@3bdbf8d3
15:25:05.302 [main] DEBUG org.apache.http.impl.conn.BasicClientConnectionManager - Connection can be kept alive indefinitely
15:25:05.306 [main] DEBUG net.thucydides.core.steps.StepInterceptor - STEP DONE: I send PUT Http Request
  &amp#27;[32mWhen &amp#27;[0m&amp#27;[32mI send PUT Http Request&amp#27;[0m                                &amp#27;[90m# starter.stepDefinition.ArticleAdminSteps.sendPostHttpRequest()&amp#27;[0m
15:25:05.308 [main] DEBUG net.thucydides.core.steps.StepInterceptor - STARTING STEP: ArticleAdminSteps.receiveValidHttp200 - I receive valid Http response code is 200
15:25:05.323 [main] DEBUG net.thucydides.core.steps.StepInterceptor - STEP DONE: I receive valid Http response code is 200
  &amp#27;[32mThen &amp#27;[0m&amp#27;[32mI receive valid Http response code is 200&amp#27;[0m              &amp#27;[90m# starter.stepDefinition.ArticleAdminSteps.receiveValidHttp200()&amp#27;[0m
15:25:05.326 [main] DEBUG net.thucydides.core.steps.StepInterceptor - STARTING STEP: ArticleAdminSteps.receiveValidDataForApprovedArticle - I receive valid data for approved article
15:25:05.763 [main] DEBUG net.thucydides.core.steps.StepInterceptor - STEP DONE: I receive valid data for approved article
  &amp#27;[32mAnd &amp#27;[0m&amp#27;[32mI receive valid data for approved article&amp#27;[0m               &amp#27;[90m# starter.stepDefinition.ArticleAdminSteps.receiveValidDataForApprovedArticle()&amp#27;[0m
15:25:05.768 [main] INFO  - 
  _____   ___   ___   _____     ___     _     ___   ___   ___   ___  
 |_   _| | __| / __| |_   _|   | _ \   /_\   / __| / __| | __| |   \ 
   | |   | _|  \__ \   | |     |  _/  / _ \  \__ \ \__ \ | _|  | |) |
   |_|   |___| |___/   |_|     |_|   /_/ \_\ |___/ |___/ |___| |___/ 

PUT - As admin I have be able to approve an article
----------------------------------------------------------------------
]]></system-out>
  </testcase>
  <testcase name="PUT - As admin I have be able prevented to approve an article" classname="ArticleAdmin" time="0.248">
    <system-out><![CDATA[
Scenario: PUT - As admin I have be able prevented to approve an article &amp#27;[90m# src/test/resources/features/ArticleAdmin.feature:12&amp#27;[0m
15:25:05.778 [main] INFO io.cucumber.core.plugin.SerenityReporter - Running feature from file:///C:/Users/VICTUS/IdeaProjects/RestAssuredCapstoneProject/src/test/resources/features/ArticleAdmin.feature
15:25:05.780 [main] INFO  - 
  _____   ___   ___   _____     ___   _____     _     ___   _____   ___   ___  
 |_   _| | __| / __| |_   _|   / __| |_   _|   /_\   | _ \ |_   _| | __| |   \ 
   | |   | _|  \__ \   | |     \__ \   | |    / _ \  |   /   | |   | _|  | |) |
   |_|   |___| |___/   |_|     |___/   |_|   /_/ \_\ |_|_\   |_|   |___| |___/ 

PUT - As admin I have be able prevented to approve an article(articleadmin;put---as-admin-i-have-be-able-prevented-to-approve-an-article)
--------------------------------------------------------------------------------
15:25:05.801 [main] DEBUG net.thucydides.core.steps.StepInterceptor - STARTING STEP: ArticleAdminSteps.setPostApiEndpointsNeg - I set PUT API Endpoint
15:25:05.801 [main] DEBUG net.thucydides.core.steps.StepInterceptor - STEP DONE: I set PUT API Endpoint
  &amp#27;[32mGiven &amp#27;[0m&amp#27;[32mI set PUT API Endpoint&amp#27;[0m                                          &amp#27;[90m# starter.stepDefinition.ArticleAdminSteps.setPostApiEndpointsNeg()&amp#27;[0m
15:25:05.804 [main] DEBUG net.thucydides.core.steps.StepInterceptor - STARTING STEP: ArticleAdminSteps.sendPostHttpRequestNeg - I send PUT Http request
15:25:05.806 [main] DEBUG net.thucydides.core.steps.StepInterceptor - STARTING STEP: NegApproveArtc.sendPostHttpRequestNeg - I set PUT API Endpoint
15:25:05.806 [main] DEBUG net.thucydides.core.steps.StepInterceptor - STEP DONE: I set PUT API Endpoint
15:25:05.821 [main] DEBUG org.apache.http.impl.conn.BasicClientConnectionManager - Get connection for route {s}->https://capstone-project.duckdns.org:8080
15:25:05.821 [main] DEBUG org.apache.http.impl.conn.DefaultClientConnectionOperator - Connecting to capstone-project.duckdns.org:8080
15:25:05.936 [main] DEBUG org.apache.http.client.protocol.RequestAddCookies - CookieSpec selected: ignoreCookies
15:25:05.936 [main] DEBUG org.apache.http.client.protocol.RequestAuthCache - Auth cache not set in the context
15:25:05.936 [main] DEBUG org.apache.http.client.protocol.RequestProxyAuthentication - Proxy auth state: UNCHALLENGED
15:25:05.936 [main] DEBUG org.apache.http.impl.client.DefaultHttpClient - Attempt 1 to execute request
15:25:05.936 [main] DEBUG org.apache.http.impl.conn.DefaultClientConnection - Sending request: PUT /admin/articles/abc HTTP/1.1
15:25:05.936 [main] DEBUG org.apache.http.wire -  >> "PUT /admin/articles/abc HTTP/1.1[\r][\n]"
15:25:05.936 [main] DEBUG org.apache.http.wire -  >> "Authorization: Bearer eyJhbGciOiJIUzI1NiIsInR5cCI6IkpXVCJ9.eyJhZG1pbl9pZCI6MSwiYXV0aG9yaXplZCI6dHJ1ZSwiZXhwIjoxNjg3ODQzOTg1fQ.LasIIXHip-iUUTecrsXhszZfnycHm30wwWneOG_MDWc[\r][\n]"
15:25:05.936 [main] DEBUG org.apache.http.wire -  >> "Accept: */*[\r][\n]"
15:25:05.936 [main] DEBUG org.apache.http.wire -  >> "Content-Type: application/json[\r][\n]"
15:25:05.936 [main] DEBUG org.apache.http.wire -  >> "Content-Length: 22[\r][\n]"
15:25:05.936 [main] DEBUG org.apache.http.wire -  >> "Host: capstone-project.duckdns.org:8080[\r][\n]"
15:25:05.936 [main] DEBUG org.apache.http.wire -  >> "Connection: Keep-Alive[\r][\n]"
15:25:05.936 [main] DEBUG org.apache.http.wire -  >> "User-Agent: Apache-HttpClient/4.5.13 (Java/17.0.3.1)[\r][\n]"
15:25:05.936 [main] DEBUG org.apache.http.wire -  >> "Accept-Encoding: gzip,deflate[\r][\n]"
15:25:05.936 [main] DEBUG org.apache.http.wire -  >> "[\r][\n]"
15:25:05.936 [main] DEBUG org.apache.http.headers - >> PUT /admin/articles/abc HTTP/1.1
15:25:05.936 [main] DEBUG org.apache.http.headers - >> Authorization: Bearer eyJhbGciOiJIUzI1NiIsInR5cCI6IkpXVCJ9.eyJhZG1pbl9pZCI6MSwiYXV0aG9yaXplZCI6dHJ1ZSwiZXhwIjoxNjg3ODQzOTg1fQ.LasIIXHip-iUUTecrsXhszZfnycHm30wwWneOG_MDWc
15:25:05.936 [main] DEBUG org.apache.http.headers - >> Accept: */*
15:25:05.936 [main] DEBUG org.apache.http.headers - >> Content-Type: application/json
15:25:05.936 [main] DEBUG org.apache.http.headers - >> Content-Length: 22
15:25:05.936 [main] DEBUG org.apache.http.headers - >> Host: capstone-project.duckdns.org:8080
15:25:05.936 [main] DEBUG org.apache.http.headers - >> Connection: Keep-Alive
15:25:05.936 [main] DEBUG org.apache.http.headers - >> User-Agent: Apache-HttpClient/4.5.13 (Java/17.0.3.1)
15:25:05.936 [main] DEBUG org.apache.http.headers - >> Accept-Encoding: gzip,deflate
15:25:05.936 [main] DEBUG org.apache.http.wire -  >> "{"status":"disetujui"}"
15:25:05.997 [main] DEBUG org.apache.http.wire -  << "HTTP/1.1 500 Internal Server Error[\r][\n]"
15:25:05.997 [main] DEBUG org.apache.http.wire -  << "Content-Type: application/json; charset=UTF-8[\r][\n]"
15:25:05.997 [main] DEBUG org.apache.http.wire -  << "Vary: Origin[\r][\n]"
15:25:05.997 [main] DEBUG org.apache.http.wire -  << "Date: Mon, 26 Jun 2023 08:25:12 GMT[\r][\n]"
15:25:05.997 [main] DEBUG org.apache.http.wire -  << "Content-Length: 75[\r][\n]"
15:25:05.997 [main] DEBUG org.apache.http.wire -  << "[\r][\n]"
15:25:05.997 [main] DEBUG org.apache.http.impl.conn.DefaultClientConnection - Receiving response: HTTP/1.1 500 Internal Server Error
15:25:05.997 [main] DEBUG org.apache.http.headers - << HTTP/1.1 500 Internal Server Error
15:25:05.997 [main] DEBUG org.apache.http.headers - << Content-Type: application/json; charset=UTF-8
15:25:05.997 [main] DEBUG org.apache.http.headers - << Vary: Origin
15:25:05.997 [main] DEBUG org.apache.http.headers - << Date: Mon, 26 Jun 2023 08:25:12 GMT
15:25:05.997 [main] DEBUG org.apache.http.headers - << Content-Length: 75
15:25:05.997 [main] DEBUG org.apache.http.impl.client.DefaultHttpClient - Connection can be kept alive indefinitely
15:25:05.997 [main] DEBUG io.restassured.internal.RestAssuredHttpBuilder - Parsing response as: application/json; charset=UTF-8
15:25:05.997 [main] DEBUG io.restassured.internal.RestAssuredHttpBuilder - Parsed data to instance of: class org.apache.http.conn.EofSensorInputStream
15:25:05.999 [main] DEBUG org.apache.http.wire -  << "{"message":"Error 1292 (22007): Truncated incorrect INTEGER value: 'abc'"}[\n]"
15:25:05.999 [main] DEBUG org.apache.http.impl.conn.BasicClientConnectionManager - Releasing connection org.apache.http.impl.conn.ManagedClientConnectionImpl@ea84346
15:25:05.999 [main] DEBUG org.apache.http.impl.conn.BasicClientConnectionManager - Connection can be kept alive indefinitely
15:25:06.000 [main] DEBUG net.thucydides.core.steps.StepInterceptor - STEP DONE: I send PUT Http request
  &amp#27;[32mWhen &amp#27;[0m&amp#27;[32mI send PUT Http request&amp#27;[0m                                          &amp#27;[90m# starter.stepDefinition.ArticleAdminSteps.sendPostHttpRequestNeg()&amp#27;[0m
15:25:06.003 [main] DEBUG net.thucydides.core.steps.StepInterceptor - STARTING STEP: ArticleAdminSteps.receiveValidHttp500Neg - I receive valid Http response code is 500
15:25:06.003 [main] DEBUG net.thucydides.core.steps.StepInterceptor - STEP DONE: I receive valid Http response code is 500
  &amp#27;[32mThen &amp#27;[0m&amp#27;[32mI receive valid Http response code is 500&amp#27;[0m                        &amp#27;[90m# starter.stepDefinition.ArticleAdminSteps.receiveValidHttp500Neg()&amp#27;[0m
15:25:06.006 [main] DEBUG net.thucydides.core.steps.StepInterceptor - STARTING STEP: ArticleAdminSteps.receiveErrMessageApproveArticle - I receive error message and prevented to approve an article
15:25:06.017 [main] DEBUG net.thucydides.core.steps.StepInterceptor - STEP DONE: I receive error message and prevented to approve an article
  &amp#27;[32mAnd &amp#27;[0m&amp#27;[32mI receive error message and prevented to approve an article&amp#27;[0m       &amp#27;[90m# starter.stepDefinition.ArticleAdminSteps.receiveErrMessageApproveArticle()&amp#27;[0m
15:25:06.018 [main] INFO  - 
  _____   ___   ___   _____     ___     _     ___   ___   ___   ___  
 |_   _| | __| / __| |_   _|   | _ \   /_\   / __| / __| | __| |   \ 
   | |   | _|  \__ \   | |     |  _/  / _ \  \__ \ \__ \ | _|  | |) |
   |_|   |___| |___/   |_|     |_|   /_/ \_\ |___/ |___/ |___| |___/ 

PUT - As admin I have be able prevented to approve an article
----------------------------------------------------------------------
]]></system-out>
  </testcase>
  <testcase name="PUT - As admin I have be able to reject an article" classname="ArticleAdmin" time="0.187">
    <system-out><![CDATA[
Scenario: PUT - As admin I have be able to reject an article &amp#27;[90m# src/test/resources/features/ArticleAdmin.feature:18&amp#27;[0m
15:25:06.032 [main] INFO io.cucumber.core.plugin.SerenityReporter - Running feature from file:///C:/Users/VICTUS/IdeaProjects/RestAssuredCapstoneProject/src/test/resources/features/ArticleAdmin.feature
15:25:06.033 [main] INFO  - 
  _____   ___   ___   _____     ___   _____     _     ___   _____   ___   ___  
 |_   _| | __| / __| |_   _|   / __| |_   _|   /_\   | _ \ |_   _| | __| |   \ 
   | |   | _|  \__ \   | |     \__ \   | |    / _ \  |   /   | |   | _|  | |) |
   |_|   |___| |___/   |_|     |___/   |_|   /_/ \_\ |_|_\   |_|   |___| |___/ 

PUT - As admin I have be able to reject an article(articleadmin;put---as-admin-i-have-be-able-to-reject-an-article)
--------------------------------------------------------------------------------
15:25:06.041 [main] DEBUG net.thucydides.core.steps.StepInterceptor - STARTING STEP: ArticleAdminSteps.setPostAPIEndpoints - I set PUT API endpoint
15:25:06.041 [main] DEBUG net.thucydides.core.steps.StepInterceptor - STEP DONE: I set PUT API endpoint
  &amp#27;[32mGiven &amp#27;[0m&amp#27;[32mI Set PUT API endpoint&amp#27;[0m                               &amp#27;[90m# starter.stepDefinition.ArticleAdminSteps.setPostAPIEndpoints()&amp#27;[0m
15:25:06.043 [main] DEBUG net.thucydides.core.steps.StepInterceptor - STARTING STEP: ArticleAdminSteps.sendPostHTTPRequest - I send PUT Http Request
15:25:06.044 [main] DEBUG net.thucydides.core.steps.StepInterceptor - STARTING STEP: PosRejectArtc.sendPostHTTPRequest - I set PUT API endpoint
15:25:06.044 [main] DEBUG net.thucydides.core.steps.StepInterceptor - STEP DONE: I set PUT API endpoint
15:25:06.057 [main] DEBUG org.apache.http.impl.conn.BasicClientConnectionManager - Get connection for route {s}->https://capstone-project.duckdns.org:8080
15:25:06.057 [main] DEBUG org.apache.http.impl.conn.DefaultClientConnectionOperator - Connecting to capstone-project.duckdns.org:8080
15:25:06.140 [main] DEBUG org.apache.http.client.protocol.RequestAddCookies - CookieSpec selected: ignoreCookies
15:25:06.140 [main] DEBUG org.apache.http.client.protocol.RequestAuthCache - Auth cache not set in the context
15:25:06.140 [main] DEBUG org.apache.http.client.protocol.RequestProxyAuthentication - Proxy auth state: UNCHALLENGED
15:25:06.140 [main] DEBUG org.apache.http.impl.client.DefaultHttpClient - Attempt 1 to execute request
15:25:06.140 [main] DEBUG org.apache.http.impl.conn.DefaultClientConnection - Sending request: PUT /admin/articles/21 HTTP/1.1
15:25:06.141 [main] DEBUG org.apache.http.wire -  >> "PUT /admin/articles/21 HTTP/1.1[\r][\n]"
15:25:06.141 [main] DEBUG org.apache.http.wire -  >> "Authorization: Bearer eyJhbGciOiJIUzI1NiIsInR5cCI6IkpXVCJ9.eyJhZG1pbl9pZCI6MSwiYXV0aG9yaXplZCI6dHJ1ZSwiZXhwIjoxNjg3ODQzOTg1fQ.LasIIXHip-iUUTecrsXhszZfnycHm30wwWneOG_MDWc[\r][\n]"
15:25:06.141 [main] DEBUG org.apache.http.wire -  >> "Accept: */*[\r][\n]"
15:25:06.141 [main] DEBUG org.apache.http.wire -  >> "Content-Type: application/json[\r][\n]"
15:25:06.141 [main] DEBUG org.apache.http.wire -  >> "Content-Length: 20[\r][\n]"
15:25:06.141 [main] DEBUG org.apache.http.wire -  >> "Host: capstone-project.duckdns.org:8080[\r][\n]"
15:25:06.141 [main] DEBUG org.apache.http.wire -  >> "Connection: Keep-Alive[\r][\n]"
15:25:06.141 [main] DEBUG org.apache.http.wire -  >> "User-Agent: Apache-HttpClient/4.5.13 (Java/17.0.3.1)[\r][\n]"
15:25:06.141 [main] DEBUG org.apache.http.wire -  >> "Accept-Encoding: gzip,deflate[\r][\n]"
15:25:06.141 [main] DEBUG org.apache.http.wire -  >> "[\r][\n]"
15:25:06.141 [main] DEBUG org.apache.http.headers - >> PUT /admin/articles/21 HTTP/1.1
15:25:06.141 [main] DEBUG org.apache.http.headers - >> Authorization: Bearer eyJhbGciOiJIUzI1NiIsInR5cCI6IkpXVCJ9.eyJhZG1pbl9pZCI6MSwiYXV0aG9yaXplZCI6dHJ1ZSwiZXhwIjoxNjg3ODQzOTg1fQ.LasIIXHip-iUUTecrsXhszZfnycHm30wwWneOG_MDWc
15:25:06.141 [main] DEBUG org.apache.http.headers - >> Accept: */*
15:25:06.141 [main] DEBUG org.apache.http.headers - >> Content-Type: application/json
15:25:06.141 [main] DEBUG org.apache.http.headers - >> Content-Length: 20
15:25:06.141 [main] DEBUG org.apache.http.headers - >> Host: capstone-project.duckdns.org:8080
15:25:06.141 [main] DEBUG org.apache.http.headers - >> Connection: Keep-Alive
15:25:06.141 [main] DEBUG org.apache.http.headers - >> User-Agent: Apache-HttpClient/4.5.13 (Java/17.0.3.1)
15:25:06.141 [main] DEBUG org.apache.http.headers - >> Accept-Encoding: gzip,deflate
15:25:06.141 [main] DEBUG org.apache.http.wire -  >> "{"status":"ditolak"}"
15:25:06.187 [main] DEBUG org.apache.http.wire -  << "HTTP/1.1 200 OK[\r][\n]"
15:25:06.187 [main] DEBUG org.apache.http.wire -  << "Content-Type: application/json; charset=UTF-8[\r][\n]"
15:25:06.187 [main] DEBUG org.apache.http.wire -  << "Vary: Origin[\r][\n]"
15:25:06.187 [main] DEBUG org.apache.http.wire -  << "Date: Mon, 26 Jun 2023 08:25:12 GMT[\r][\n]"
15:25:06.187 [main] DEBUG org.apache.http.wire -  << "Content-Length: 37[\r][\n]"
15:25:06.187 [main] DEBUG org.apache.http.wire -  << "[\r][\n]"
15:25:06.187 [main] DEBUG org.apache.http.impl.conn.DefaultClientConnection - Receiving response: HTTP/1.1 200 OK
15:25:06.187 [main] DEBUG org.apache.http.headers - << HTTP/1.1 200 OK
15:25:06.187 [main] DEBUG org.apache.http.headers - << Content-Type: application/json; charset=UTF-8
15:25:06.187 [main] DEBUG org.apache.http.headers - << Vary: Origin
15:25:06.187 [main] DEBUG org.apache.http.headers - << Date: Mon, 26 Jun 2023 08:25:12 GMT
15:25:06.187 [main] DEBUG org.apache.http.headers - << Content-Length: 37
15:25:06.187 [main] DEBUG org.apache.http.impl.client.DefaultHttpClient - Connection can be kept alive indefinitely
15:25:06.187 [main] DEBUG io.restassured.internal.RestAssuredHttpBuilder - Parsing response as: application/json; charset=UTF-8
15:25:06.187 [main] DEBUG io.restassured.internal.RestAssuredHttpBuilder - Parsed data to instance of: class org.apache.http.conn.EofSensorInputStream
15:25:06.189 [main] DEBUG org.apache.http.wire -  << "{"message":"success manage article"}[\n]"
15:25:06.189 [main] DEBUG org.apache.http.impl.conn.BasicClientConnectionManager - Releasing connection org.apache.http.impl.conn.ManagedClientConnectionImpl@612bb755
15:25:06.189 [main] DEBUG org.apache.http.impl.conn.BasicClientConnectionManager - Connection can be kept alive indefinitely
15:25:06.190 [main] DEBUG net.thucydides.core.steps.StepInterceptor - STEP DONE: I send PUT Http Request
  &amp#27;[32mWhen &amp#27;[0m&amp#27;[32mI Send PUT Http Request&amp#27;[0m                               &amp#27;[90m# starter.stepDefinition.ArticleAdminSteps.sendPostHTTPRequest()&amp#27;[0m
15:25:06.193 [main] DEBUG net.thucydides.core.steps.StepInterceptor - STARTING STEP: ArticleAdminSteps.receiveValidHTTP200 - I receive valid Http response code is 200
15:25:06.194 [main] DEBUG net.thucydides.core.steps.StepInterceptor - STEP DONE: I receive valid Http response code is 200
  &amp#27;[32mThen &amp#27;[0m&amp#27;[32mI Receive valid Http response code is 200&amp#27;[0m             &amp#27;[90m# starter.stepDefinition.ArticleAdminSteps.receiveValidHTTP200()&amp#27;[0m
15:25:06.197 [main] DEBUG net.thucydides.core.steps.StepInterceptor - STARTING STEP: ArticleAdminSteps.receiveValidDataForRejectedArticle - I receive valid data for approved article
15:25:06.205 [main] DEBUG net.thucydides.core.steps.StepInterceptor - STEP DONE: I receive valid data for approved article
  &amp#27;[32mAnd &amp#27;[0m&amp#27;[32mI receive valid data for rejected article&amp#27;[0m              &amp#27;[90m# starter.stepDefinition.ArticleAdminSteps.receiveValidDataForRejectedArticle()&amp#27;[0m
15:25:06.206 [main] INFO  - 
  _____   ___   ___   _____     ___     _     ___   ___   ___   ___  
 |_   _| | __| / __| |_   _|   | _ \   /_\   / __| / __| | __| |   \ 
   | |   | _|  \__ \   | |     |  _/  / _ \  \__ \ \__ \ | _|  | |) |
   |_|   |___| |___/   |_|     |_|   /_/ \_\ |___/ |___/ |___| |___/ 

PUT - As admin I have be able to reject an article
----------------------------------------------------------------------
]]></system-out>
  </testcase>
  <testcase name="PUT - As admin I have be able prevented to reject an article" classname="ArticleAdmin" time="0.243">
    <system-out><![CDATA[
Scenario: PUT - As admin I have be able prevented to reject an article &amp#27;[90m# src/test/resources/features/ArticleAdmin.feature:24&amp#27;[0m
15:25:06.211 [main] INFO io.cucumber.core.plugin.SerenityReporter - Running feature from file:///C:/Users/VICTUS/IdeaProjects/RestAssuredCapstoneProject/src/test/resources/features/ArticleAdmin.feature
15:25:06.213 [main] INFO  - 
  _____   ___   ___   _____     ___   _____     _     ___   _____   ___   ___  
 |_   _| | __| / __| |_   _|   / __| |_   _|   /_\   | _ \ |_   _| | __| |   \ 
   | |   | _|  \__ \   | |     \__ \   | |    / _ \  |   /   | |   | _|  | |) |
   |_|   |___| |___/   |_|     |___/   |_|   /_/ \_\ |_|_\   |_|   |___| |___/ 

PUT - As admin I have be able prevented to reject an article(articleadmin;put---as-admin-i-have-be-able-prevented-to-reject-an-article)
--------------------------------------------------------------------------------
15:25:06.220 [main] DEBUG net.thucydides.core.steps.StepInterceptor - STARTING STEP: ArticleAdminSteps.setPostAPIEndpointsNeg - I Set PUT API Endpoint
15:25:06.220 [main] DEBUG net.thucydides.core.steps.StepInterceptor - STEP DONE: I Set PUT API Endpoint
  &amp#27;[32mGiven &amp#27;[0m&amp#27;[32mI Set PUT API Endpoint&amp#27;[0m                                         &amp#27;[90m# starter.stepDefinition.ArticleAdminSteps.setPostAPIEndpointsNeg()&amp#27;[0m
15:25:06.222 [main] DEBUG net.thucydides.core.steps.StepInterceptor - STARTING STEP: ArticleAdminSteps.sendPostHTTPRequestNeg - I Send PUT Http request
15:25:06.225 [main] DEBUG net.thucydides.core.steps.StepInterceptor - STARTING STEP: NegRejectArtc.sendPostHTTPRequestNeg - I Set PUT API Endpoint
15:25:06.225 [main] DEBUG net.thucydides.core.steps.StepInterceptor - STEP DONE: I Set PUT API Endpoint
15:25:06.234 [main] DEBUG org.apache.http.impl.conn.BasicClientConnectionManager - Get connection for route {s}->https://capstone-project.duckdns.org:8080
15:25:06.234 [main] DEBUG org.apache.http.impl.conn.DefaultClientConnectionOperator - Connecting to capstone-project.duckdns.org:8080
15:25:06.356 [main] DEBUG org.apache.http.client.protocol.RequestAddCookies - CookieSpec selected: ignoreCookies
15:25:06.356 [main] DEBUG org.apache.http.client.protocol.RequestAuthCache - Auth cache not set in the context
15:25:06.356 [main] DEBUG org.apache.http.client.protocol.RequestProxyAuthentication - Proxy auth state: UNCHALLENGED
15:25:06.356 [main] DEBUG org.apache.http.impl.client.DefaultHttpClient - Attempt 1 to execute request
15:25:06.357 [main] DEBUG org.apache.http.impl.conn.DefaultClientConnection - Sending request: PUT /admin/articles/abc HTTP/1.1
15:25:06.357 [main] DEBUG org.apache.http.wire -  >> "PUT /admin/articles/abc HTTP/1.1[\r][\n]"
15:25:06.357 [main] DEBUG org.apache.http.wire -  >> "Authorization: Bearer eyJhbGciOiJIUzI1NiIsInR5cCI6IkpXVCJ9.eyJhZG1pbl9pZCI6MSwiYXV0aG9yaXplZCI6dHJ1ZSwiZXhwIjoxNjg3ODQzOTg1fQ.LasIIXHip-iUUTecrsXhszZfnycHm30wwWneOG_MDWc[\r][\n]"
15:25:06.357 [main] DEBUG org.apache.http.wire -  >> "Accept: */*[\r][\n]"
15:25:06.357 [main] DEBUG org.apache.http.wire -  >> "Content-Type: application/json[\r][\n]"
15:25:06.357 [main] DEBUG org.apache.http.wire -  >> "Content-Length: 20[\r][\n]"
15:25:06.357 [main] DEBUG org.apache.http.wire -  >> "Host: capstone-project.duckdns.org:8080[\r][\n]"
15:25:06.357 [main] DEBUG org.apache.http.wire -  >> "Connection: Keep-Alive[\r][\n]"
15:25:06.357 [main] DEBUG org.apache.http.wire -  >> "User-Agent: Apache-HttpClient/4.5.13 (Java/17.0.3.1)[\r][\n]"
15:25:06.357 [main] DEBUG org.apache.http.wire -  >> "Accept-Encoding: gzip,deflate[\r][\n]"
15:25:06.357 [main] DEBUG org.apache.http.wire -  >> "[\r][\n]"
15:25:06.357 [main] DEBUG org.apache.http.headers - >> PUT /admin/articles/abc HTTP/1.1
15:25:06.357 [main] DEBUG org.apache.http.headers - >> Authorization: Bearer eyJhbGciOiJIUzI1NiIsInR5cCI6IkpXVCJ9.eyJhZG1pbl9pZCI6MSwiYXV0aG9yaXplZCI6dHJ1ZSwiZXhwIjoxNjg3ODQzOTg1fQ.LasIIXHip-iUUTecrsXhszZfnycHm30wwWneOG_MDWc
15:25:06.357 [main] DEBUG org.apache.http.headers - >> Accept: */*
15:25:06.357 [main] DEBUG org.apache.http.headers - >> Content-Type: application/json
15:25:06.357 [main] DEBUG org.apache.http.headers - >> Content-Length: 20
15:25:06.357 [main] DEBUG org.apache.http.headers - >> Host: capstone-project.duckdns.org:8080
15:25:06.357 [main] DEBUG org.apache.http.headers - >> Connection: Keep-Alive
15:25:06.357 [main] DEBUG org.apache.http.headers - >> User-Agent: Apache-HttpClient/4.5.13 (Java/17.0.3.1)
15:25:06.357 [main] DEBUG org.apache.http.headers - >> Accept-Encoding: gzip,deflate
15:25:06.357 [main] DEBUG org.apache.http.wire -  >> "{"status":"ditolak"}"
15:25:06.436 [main] DEBUG org.apache.http.wire -  << "HTTP/1.1 500 Internal Server Error[\r][\n]"
15:25:06.436 [main] DEBUG org.apache.http.wire -  << "Content-Type: application/json; charset=UTF-8[\r][\n]"
15:25:06.436 [main] DEBUG org.apache.http.wire -  << "Vary: Origin[\r][\n]"
15:25:06.436 [main] DEBUG org.apache.http.wire -  << "Date: Mon, 26 Jun 2023 08:25:12 GMT[\r][\n]"
15:25:06.436 [main] DEBUG org.apache.http.wire -  << "Content-Length: 75[\r][\n]"
15:25:06.436 [main] DEBUG org.apache.http.wire -  << "[\r][\n]"
15:25:06.436 [main] DEBUG org.apache.http.impl.conn.DefaultClientConnection - Receiving response: HTTP/1.1 500 Internal Server Error
15:25:06.436 [main] DEBUG org.apache.http.headers - << HTTP/1.1 500 Internal Server Error
15:25:06.436 [main] DEBUG org.apache.http.headers - << Content-Type: application/json; charset=UTF-8
15:25:06.436 [main] DEBUG org.apache.http.headers - << Vary: Origin
15:25:06.436 [main] DEBUG org.apache.http.headers - << Date: Mon, 26 Jun 2023 08:25:12 GMT
15:25:06.436 [main] DEBUG org.apache.http.headers - << Content-Length: 75
15:25:06.436 [main] DEBUG org.apache.http.impl.client.DefaultHttpClient - Connection can be kept alive indefinitely
15:25:06.436 [main] DEBUG io.restassured.internal.RestAssuredHttpBuilder - Parsing response as: application/json; charset=UTF-8
15:25:06.436 [main] DEBUG io.restassured.internal.RestAssuredHttpBuilder - Parsed data to instance of: class org.apache.http.conn.EofSensorInputStream
15:25:06.437 [main] DEBUG org.apache.http.wire -  << "{"message":"Error 1292 (22007): Truncated incorrect INTEGER value: 'abc'"}[\n]"
15:25:06.438 [main] DEBUG org.apache.http.impl.conn.BasicClientConnectionManager - Releasing connection org.apache.http.impl.conn.ManagedClientConnectionImpl@4f9980e1
15:25:06.438 [main] DEBUG org.apache.http.impl.conn.BasicClientConnectionManager - Connection can be kept alive indefinitely
15:25:06.438 [main] DEBUG net.thucydides.core.steps.StepInterceptor - STEP DONE: I Send PUT Http request
  &amp#27;[32mWhen &amp#27;[0m&amp#27;[32mI Send PUT Http request&amp#27;[0m                                         &amp#27;[90m# starter.stepDefinition.ArticleAdminSteps.sendPostHTTPRequestNeg()&amp#27;[0m
15:25:06.440 [main] DEBUG net.thucydides.core.steps.StepInterceptor - STARTING STEP: ArticleAdminSteps.receiveValidHTTP500Neg - I Receive valid Http response code is 500
15:25:06.440 [main] DEBUG net.thucydides.core.steps.StepInterceptor - STEP DONE: I Receive valid Http response code is 500
  &amp#27;[32mThen &amp#27;[0m&amp#27;[32mI Receive valid Http response code is 500&amp#27;[0m                       &amp#27;[90m# starter.stepDefinition.ArticleAdminSteps.receiveValidHTTP500Neg()&amp#27;[0m
15:25:06.442 [main] DEBUG net.thucydides.core.steps.StepInterceptor - STARTING STEP: ArticleAdminSteps.receiveErrorAndPreventedToReject - I receive error message and prevented to reject an article
15:25:06.450 [main] DEBUG net.thucydides.core.steps.StepInterceptor - STEP DONE: I receive error message and prevented to reject an article
  &amp#27;[32mAnd &amp#27;[0m&amp#27;[32mI receive error message and prevented to reject an article&amp#27;[0m       &amp#27;[90m# starter.stepDefinition.ArticleAdminSteps.receiveErrorAndPreventedToReject()&amp#27;[0m
15:25:06.451 [main] INFO  - 
  _____   ___   ___   _____     ___     _     ___   ___   ___   ___  
 |_   _| | __| / __| |_   _|   | _ \   /_\   / __| / __| | __| |   \ 
   | |   | _|  \__ \   | |     |  _/  / _ \  \__ \ \__ \ | _|  | |) |
   |_|   |___| |___/   |_|     |_|   /_/ \_\ |___/ |___/ |___| |___/ 

PUT - As admin I have be able prevented to reject an article
----------------------------------------------------------------------
]]></system-out>
  </testcase>
  <testcase name="POST - As admin I have be able to login to my own system" classname="AuthAdmin" time="0.265">
    <system-out><![CDATA[15:25:06.453 [main] INFO io.cucumber.core.plugin.SerenityReporter - Running feature from file:///C:/Users/VICTUS/IdeaProjects/RestAssuredCapstoneProject/src/test/resources/features/AuthAdmin.feature
15:25:06.454 [main] DEBUG net.thucydides.core.steps.StepEventBus - Test suite started for story net.thucydides.core.model.Story@e7e038a8
15:25:06.454 [main] INFO  - Test Suite Started: Auth admin

Scenario: POST - As admin I have be able to login to my own system &amp#27;[90m# src/test/resources/features/AuthAdmin.feature:7&amp#27;[0m
15:25:06.461 [main] INFO io.cucumber.core.plugin.SerenityReporter - Running feature from file:///C:/Users/VICTUS/IdeaProjects/RestAssuredCapstoneProject/src/test/resources/features/AuthAdmin.feature
15:25:06.461 [main] INFO  - 
  _____   ___   ___   _____     ___   _____     _     ___   _____   ___   ___  
 |_   _| | __| / __| |_   _|   / __| |_   _|   /_\   | _ \ |_   _| | __| |   \ 
   | |   | _|  \__ \   | |     \__ \   | |    / _ \  |   /   | |   | _|  | |) |
   |_|   |___| |___/   |_|     |___/   |_|   /_/ \_\ |_|_\   |_|   |___| |___/ 

POST - As admin I have be able to login to my own system(authadmin;post---as-admin-i-have-be-able-to-login-to-my-own-system)
--------------------------------------------------------------------------------
15:25:06.472 [main] DEBUG net.thucydides.core.steps.StepInterceptor - STARTING STEP: AuthAdminSteps.setPostApiEndpoint - I set Post API Endpoint
15:25:06.472 [main] DEBUG net.thucydides.core.steps.StepInterceptor - STEP DONE: I set Post API Endpoint
  &amp#27;[32mGiven &amp#27;[0m&amp#27;[32mI set Post API Endpoint&amp#27;[0m                                    &amp#27;[90m# starter.stepDefinition.AuthAdminSteps.setPostApiEndpoint()&amp#27;[0m
15:25:06.474 [main] DEBUG net.thucydides.core.steps.StepInterceptor - STARTING STEP: AuthAdminSteps.sendPostHTTPRequest - I send Post HTTP Request
15:25:06.475 [main] DEBUG net.thucydides.core.steps.StepInterceptor - STARTING STEP: PosLogAdmin.sendPostHttpRequest - I set Post API Endpoint
15:25:06.475 [main] DEBUG net.thucydides.core.steps.StepInterceptor - STEP DONE: I set Post API Endpoint
15:25:06.486 [main] DEBUG org.apache.http.impl.conn.BasicClientConnectionManager - Get connection for route {s}->https://capstone-project.duckdns.org:8080
15:25:06.487 [main] DEBUG org.apache.http.impl.conn.DefaultClientConnectionOperator - Connecting to capstone-project.duckdns.org:8080
15:25:06.616 [main] DEBUG org.apache.http.client.protocol.RequestAddCookies - CookieSpec selected: ignoreCookies
15:25:06.618 [main] DEBUG org.apache.http.client.protocol.RequestAuthCache - Auth cache not set in the context
15:25:06.618 [main] DEBUG org.apache.http.client.protocol.RequestTargetAuthentication - Target auth state: UNCHALLENGED
15:25:06.618 [main] DEBUG org.apache.http.client.protocol.RequestProxyAuthentication - Proxy auth state: UNCHALLENGED
15:25:06.618 [main] DEBUG org.apache.http.impl.client.DefaultHttpClient - Attempt 1 to execute request
15:25:06.618 [main] DEBUG org.apache.http.impl.conn.DefaultClientConnection - Sending request: POST /admin/login HTTP/1.1
15:25:06.618 [main] DEBUG org.apache.http.wire -  >> "POST /admin/login HTTP/1.1[\r][\n]"
15:25:06.618 [main] DEBUG org.apache.http.wire -  >> "Accept: */*[\r][\n]"
15:25:06.618 [main] DEBUG org.apache.http.wire -  >> "Content-Type: application/json[\r][\n]"
15:25:06.618 [main] DEBUG org.apache.http.wire -  >> "Content-Length: 46[\r][\n]"
15:25:06.618 [main] DEBUG org.apache.http.wire -  >> "Host: capstone-project.duckdns.org:8080[\r][\n]"
15:25:06.618 [main] DEBUG org.apache.http.wire -  >> "Connection: Keep-Alive[\r][\n]"
15:25:06.618 [main] DEBUG org.apache.http.wire -  >> "User-Agent: Apache-HttpClient/4.5.13 (Java/17.0.3.1)[\r][\n]"
15:25:06.618 [main] DEBUG org.apache.http.wire -  >> "Accept-Encoding: gzip,deflate[\r][\n]"
15:25:06.618 [main] DEBUG org.apache.http.wire -  >> "[\r][\n]"
15:25:06.618 [main] DEBUG org.apache.http.headers - >> POST /admin/login HTTP/1.1
15:25:06.618 [main] DEBUG org.apache.http.headers - >> Accept: */*
15:25:06.618 [main] DEBUG org.apache.http.headers - >> Content-Type: application/json
15:25:06.618 [main] DEBUG org.apache.http.headers - >> Content-Length: 46
15:25:06.618 [main] DEBUG org.apache.http.headers - >> Host: capstone-project.duckdns.org:8080
15:25:06.618 [main] DEBUG org.apache.http.headers - >> Connection: Keep-Alive
15:25:06.618 [main] DEBUG org.apache.http.headers - >> User-Agent: Apache-HttpClient/4.5.13 (Java/17.0.3.1)
15:25:06.618 [main] DEBUG org.apache.http.headers - >> Accept-Encoding: gzip,deflate
15:25:06.618 [main] DEBUG org.apache.http.wire -  >> "{"password":"admin","email":"admin@admin.com"}"
15:25:06.705 [main] DEBUG org.apache.http.wire -  << "HTTP/1.1 200 OK[\r][\n]"
15:25:06.705 [main] DEBUG org.apache.http.wire -  << "Content-Type: application/json; charset=UTF-8[\r][\n]"
15:25:06.705 [main] DEBUG org.apache.http.wire -  << "Vary: Origin[\r][\n]"
15:25:06.705 [main] DEBUG org.apache.http.wire -  << "Date: Mon, 26 Jun 2023 08:25:12 GMT[\r][\n]"
15:25:06.705 [main] DEBUG org.apache.http.wire -  << "Content-Length: 186[\r][\n]"
15:25:06.705 [main] DEBUG org.apache.http.wire -  << "[\r][\n]"
15:25:06.705 [main] DEBUG org.apache.http.impl.conn.DefaultClientConnection - Receiving response: HTTP/1.1 200 OK
15:25:06.705 [main] DEBUG org.apache.http.headers - << HTTP/1.1 200 OK
15:25:06.705 [main] DEBUG org.apache.http.headers - << Content-Type: application/json; charset=UTF-8
15:25:06.705 [main] DEBUG org.apache.http.headers - << Vary: Origin
15:25:06.705 [main] DEBUG org.apache.http.headers - << Date: Mon, 26 Jun 2023 08:25:12 GMT
15:25:06.705 [main] DEBUG org.apache.http.headers - << Content-Length: 186
15:25:06.705 [main] DEBUG org.apache.http.impl.client.DefaultHttpClient - Connection can be kept alive indefinitely
15:25:06.705 [main] DEBUG io.restassured.internal.RestAssuredHttpBuilder - Parsing response as: application/json; charset=UTF-8
15:25:06.705 [main] DEBUG io.restassured.internal.RestAssuredHttpBuilder - Parsed data to instance of: class org.apache.http.conn.EofSensorInputStream
15:25:06.706 [main] DEBUG org.apache.http.wire -  << "{"message":"success login","token":"eyJhbGciOiJIUzI1NiIsInR5cCI6IkpXVCJ9.eyJhZG1pbl9pZCI6MSwiYXV0aG9yaXplZCI6dHJ1ZSwiZXhwIjoxNjg3ODU0MzEyfQ.hx74HJiT7zWXe7F7tqlq89zci7lH96k9YsqMUhqe3yE"}[\n]"
15:25:06.706 [main] DEBUG org.apache.http.impl.conn.BasicClientConnectionManager - Releasing connection org.apache.http.impl.conn.ManagedClientConnectionImpl@b2e1df3
15:25:06.706 [main] DEBUG org.apache.http.impl.conn.BasicClientConnectionManager - Connection can be kept alive indefinitely
15:25:06.707 [main] DEBUG net.thucydides.core.steps.StepInterceptor - STEP DONE: I send Post HTTP Request
  &amp#27;[32mWhen &amp#27;[0m&amp#27;[32mI send Post HTTP Request&amp#27;[0m                                    &amp#27;[90m# starter.stepDefinition.AuthAdminSteps.sendPostHTTPRequest()&amp#27;[0m
15:25:06.709 [main] DEBUG net.thucydides.core.steps.StepInterceptor - STARTING STEP: AuthAdminSteps.receiveValidHTTP200 - I receive valid HTTP Response code 200
15:25:06.709 [main] DEBUG net.thucydides.core.steps.StepInterceptor - STEP DONE: I receive valid HTTP Response code 200
  &amp#27;[32mThen &amp#27;[0m&amp#27;[32mI receive valid HTTP Response code 200&amp#27;[0m                      &amp#27;[90m# starter.stepDefinition.AuthAdminSteps.receiveValidHTTP200()&amp#27;[0m
15:25:06.711 [main] DEBUG net.thucydides.core.steps.StepInterceptor - STARTING STEP: AuthAdminSteps.receiveValidDataAdmAccount - I receive valid data for my own admin account
15:25:06.718 [main] DEBUG net.thucydides.core.steps.StepInterceptor - STEP DONE: I receive valid data for my own admin account
  &amp#27;[32mAnd &amp#27;[0m&amp#27;[32mI receive valid data for my own admin account&amp#27;[0m                &amp#27;[90m# starter.stepDefinition.AuthAdminSteps.receiveValidDataAdmAccount()&amp#27;[0m
15:25:06.720 [main] INFO  - 
  _____   ___   ___   _____     ___     _     ___   ___   ___   ___  
 |_   _| | __| / __| |_   _|   | _ \   /_\   / __| / __| | __| |   \ 
   | |   | _|  \__ \   | |     |  _/  / _ \  \__ \ \__ \ | _|  | |) |
   |_|   |___| |___/   |_|     |_|   /_/ \_\ |___/ |___/ |___| |___/ 

POST - As admin I have be able to login to my own system
----------------------------------------------------------------------
]]></system-out>
  </testcase>
  <testcase name="POST - As admin I have be able to prevented to login" classname="AuthAdmin" time="0.172">
    <system-out><![CDATA[
Scenario: POST - As admin I have be able to prevented to login &amp#27;[90m# src/test/resources/features/AuthAdmin.feature:13&amp#27;[0m
15:25:06.727 [main] INFO io.cucumber.core.plugin.SerenityReporter - Running feature from file:///C:/Users/VICTUS/IdeaProjects/RestAssuredCapstoneProject/src/test/resources/features/AuthAdmin.feature
15:25:06.727 [main] INFO  - 
  _____   ___   ___   _____     ___   _____     _     ___   _____   ___   ___  
 |_   _| | __| / __| |_   _|   / __| |_   _|   /_\   | _ \ |_   _| | __| |   \ 
   | |   | _|  \__ \   | |     \__ \   | |    / _ \  |   /   | |   | _|  | |) |
   |_|   |___| |___/   |_|     |___/   |_|   /_/ \_\ |_|_\   |_|   |___| |___/ 

POST - As admin I have be able to prevented to login(authadmin;post---as-admin-i-have-be-able-to-prevented-to-login)
--------------------------------------------------------------------------------
15:25:06.731 [main] DEBUG net.thucydides.core.steps.StepInterceptor - STARTING STEP: AuthAdminSteps.setPostApiEndpointNeg - I set POST API Endpoint
15:25:06.731 [main] DEBUG net.thucydides.core.steps.StepInterceptor - STEP DONE: I set POST API Endpoint
  &amp#27;[32mGiven &amp#27;[0m&amp#27;[32mI set POST API Endpoint&amp#27;[0m                                &amp#27;[90m# starter.stepDefinition.AuthAdminSteps.setPostApiEndpointNeg()&amp#27;[0m
15:25:06.734 [main] DEBUG net.thucydides.core.steps.StepInterceptor - STARTING STEP: AuthAdminSteps.sendPostHTTPRequestNeg - I send POST HTTP Request
15:25:06.735 [main] DEBUG net.thucydides.core.steps.StepInterceptor - STARTING STEP: NegLogAdmin.sendPostHttpRequestNeg - I set POST API Endpoint
15:25:06.735 [main] DEBUG net.thucydides.core.steps.StepInterceptor - STEP DONE: I set POST API Endpoint
15:25:06.742 [main] DEBUG org.apache.http.impl.conn.BasicClientConnectionManager - Get connection for route {s}->https://capstone-project.duckdns.org:8080
15:25:06.742 [main] DEBUG org.apache.http.impl.conn.DefaultClientConnectionOperator - Connecting to capstone-project.duckdns.org:8080
15:25:06.829 [main] DEBUG org.apache.http.client.protocol.RequestAddCookies - CookieSpec selected: ignoreCookies
15:25:06.829 [main] DEBUG org.apache.http.client.protocol.RequestAuthCache - Auth cache not set in the context
15:25:06.829 [main] DEBUG org.apache.http.client.protocol.RequestTargetAuthentication - Target auth state: UNCHALLENGED
15:25:06.829 [main] DEBUG org.apache.http.client.protocol.RequestProxyAuthentication - Proxy auth state: UNCHALLENGED
15:25:06.830 [main] DEBUG org.apache.http.impl.client.DefaultHttpClient - Attempt 1 to execute request
15:25:06.830 [main] DEBUG org.apache.http.impl.conn.DefaultClientConnection - Sending request: POST /admin/login HTTP/1.1
15:25:06.830 [main] DEBUG org.apache.http.wire -  >> "POST /admin/login HTTP/1.1[\r][\n]"
15:25:06.830 [main] DEBUG org.apache.http.wire -  >> "Accept: */*[\r][\n]"
15:25:06.830 [main] DEBUG org.apache.http.wire -  >> "Content-Type: application/json[\r][\n]"
15:25:06.830 [main] DEBUG org.apache.http.wire -  >> "Content-Length: 26[\r][\n]"
15:25:06.830 [main] DEBUG org.apache.http.wire -  >> "Host: capstone-project.duckdns.org:8080[\r][\n]"
15:25:06.830 [main] DEBUG org.apache.http.wire -  >> "Connection: Keep-Alive[\r][\n]"
15:25:06.830 [main] DEBUG org.apache.http.wire -  >> "User-Agent: Apache-HttpClient/4.5.13 (Java/17.0.3.1)[\r][\n]"
15:25:06.830 [main] DEBUG org.apache.http.wire -  >> "Accept-Encoding: gzip,deflate[\r][\n]"
15:25:06.830 [main] DEBUG org.apache.http.wire -  >> "[\r][\n]"
15:25:06.830 [main] DEBUG org.apache.http.headers - >> POST /admin/login HTTP/1.1
15:25:06.830 [main] DEBUG org.apache.http.headers - >> Accept: */*
15:25:06.830 [main] DEBUG org.apache.http.headers - >> Content-Type: application/json
15:25:06.830 [main] DEBUG org.apache.http.headers - >> Content-Length: 26
15:25:06.830 [main] DEBUG org.apache.http.headers - >> Host: capstone-project.duckdns.org:8080
15:25:06.830 [main] DEBUG org.apache.http.headers - >> Connection: Keep-Alive
15:25:06.830 [main] DEBUG org.apache.http.headers - >> User-Agent: Apache-HttpClient/4.5.13 (Java/17.0.3.1)
15:25:06.830 [main] DEBUG org.apache.http.headers - >> Accept-Encoding: gzip,deflate
15:25:06.830 [main] DEBUG org.apache.http.wire -  >> "{"password":"","email":""}"
15:25:06.877 [main] DEBUG org.apache.http.wire -  << "HTTP/1.1 500 Internal Server Error[\r][\n]"
15:25:06.877 [main] DEBUG org.apache.http.wire -  << "Content-Type: application/json; charset=UTF-8[\r][\n]"
15:25:06.877 [main] DEBUG org.apache.http.wire -  << "Vary: Origin[\r][\n]"
15:25:06.877 [main] DEBUG org.apache.http.wire -  << "Date: Mon, 26 Jun 2023 08:25:12 GMT[\r][\n]"
15:25:06.877 [main] DEBUG org.apache.http.wire -  << "Content-Length: 57[\r][\n]"
15:25:06.877 [main] DEBUG org.apache.http.wire -  << "[\r][\n]"
15:25:06.877 [main] DEBUG org.apache.http.impl.conn.DefaultClientConnection - Receiving response: HTTP/1.1 500 Internal Server Error
15:25:06.877 [main] DEBUG org.apache.http.headers - << HTTP/1.1 500 Internal Server Error
15:25:06.877 [main] DEBUG org.apache.http.headers - << Content-Type: application/json; charset=UTF-8
15:25:06.877 [main] DEBUG org.apache.http.headers - << Vary: Origin
15:25:06.877 [main] DEBUG org.apache.http.headers - << Date: Mon, 26 Jun 2023 08:25:12 GMT
15:25:06.877 [main] DEBUG org.apache.http.headers - << Content-Length: 57
15:25:06.877 [main] DEBUG org.apache.http.impl.client.DefaultHttpClient - Connection can be kept alive indefinitely
15:25:06.878 [main] DEBUG io.restassured.internal.RestAssuredHttpBuilder - Parsing response as: application/json; charset=UTF-8
15:25:06.878 [main] DEBUG io.restassured.internal.RestAssuredHttpBuilder - Parsed data to instance of: class org.apache.http.conn.EofSensorInputStream
15:25:06.879 [main] DEBUG org.apache.http.wire -  << "{"error":"record not found","message":"failed to login"}[\n]"
15:25:06.879 [main] DEBUG org.apache.http.impl.conn.BasicClientConnectionManager - Releasing connection org.apache.http.impl.conn.ManagedClientConnectionImpl@176e839e
15:25:06.879 [main] DEBUG org.apache.http.impl.conn.BasicClientConnectionManager - Connection can be kept alive indefinitely
15:25:06.880 [main] DEBUG net.thucydides.core.steps.StepInterceptor - STEP DONE: I send POST HTTP Request
  &amp#27;[32mWhen &amp#27;[0m&amp#27;[32mI send POST HTTP Request&amp#27;[0m                                &amp#27;[90m# starter.stepDefinition.AuthAdminSteps.sendPostHTTPRequestNeg()&amp#27;[0m
15:25:06.881 [main] DEBUG net.thucydides.core.steps.StepInterceptor - STARTING STEP: AuthAdminSteps.receiveValidHTTP500Neg - I receive valid HTTP Response code 500
15:25:06.882 [main] DEBUG net.thucydides.core.steps.StepInterceptor - STEP DONE: I receive valid HTTP Response code 500
  &amp#27;[32mThen &amp#27;[0m&amp#27;[32mI receive valid HTTP Response code 500&amp#27;[0m                  &amp#27;[90m# starter.stepDefinition.AuthAdminSteps.receiveValidHTTP500Neg()&amp#27;[0m
15:25:06.883 [main] DEBUG net.thucydides.core.steps.StepInterceptor - STARTING STEP: AuthAdminSteps.receiveErrMessageAdmPreventedLogin - I prevented to login with Error message
15:25:06.892 [main] DEBUG net.thucydides.core.steps.StepInterceptor - STEP DONE: I prevented to login with Error message
  &amp#27;[32mAnd &amp#27;[0m&amp#27;[32mI prevented to login with Error message&amp#27;[0m                  &amp#27;[90m# starter.stepDefinition.AuthAdminSteps.receiveErrMessageAdmPreventedLogin()&amp#27;[0m
15:25:06.893 [main] INFO  - 
  _____   ___   ___   _____     ___     _     ___   ___   ___   ___  
 |_   _| | __| / __| |_   _|   | _ \   /_\   / __| / __| | __| |   \ 
   | |   | _|  \__ \   | |     |  _/  / _ \  \__ \ \__ \ | _|  | |) |
   |_|   |___| |___/   |_|     |_|   /_/ \_\ |___/ |___/ |___| |___/ 

POST - As admin I have be able to prevented to login
----------------------------------------------------------------------
]]></system-out>
  </testcase>
  <testcase name="POST - As user I have be able to login existing user account" classname="Auth" time="0.28">
    <system-out><![CDATA[15:25:06.894 [main] INFO io.cucumber.core.plugin.SerenityReporter - Running feature from file:///C:/Users/VICTUS/IdeaProjects/RestAssuredCapstoneProject/src/test/resources/features/AuthUser.feature
15:25:06.895 [main] DEBUG net.thucydides.core.steps.StepEventBus - Test suite started for story net.thucydides.core.model.Story@e2dc8d13
15:25:06.895 [main] INFO  - Test Suite Started: Auth

Scenario: POST - As user I have be able to login existing user account &amp#27;[90m# src/test/resources/features/AuthUser.feature:7&amp#27;[0m
15:25:06.899 [main] INFO io.cucumber.core.plugin.SerenityReporter - Running feature from file:///C:/Users/VICTUS/IdeaProjects/RestAssuredCapstoneProject/src/test/resources/features/AuthUser.feature
15:25:06.900 [main] INFO  - 
  _____   ___   ___   _____     ___   _____     _     ___   _____   ___   ___  
 |_   _| | __| / __| |_   _|   / __| |_   _|   /_\   | _ \ |_   _| | __| |   \ 
   | |   | _|  \__ \   | |     \__ \   | |    / _ \  |   /   | |   | _|  | |) |
   |_|   |___| |___/   |_|     |___/   |_|   /_/ \_\ |_|_\   |_|   |___| |___/ 

POST - As user I have be able to login existing user account(auth;post---as-user-i-have-be-able-to-login-existing-user-account)
--------------------------------------------------------------------------------
15:25:06.910 [Finalizer] DEBUG org.apache.http.impl.conn.DefaultClientConnection - Connection 0.0.0.0:54513<->34.128.80.217:8080 closed
15:25:06.912 [Finalizer] DEBUG org.apache.http.impl.conn.DefaultClientConnection - Connection 0.0.0.0:54512<->34.128.80.217:8080 closed
15:25:06.912 [Finalizer] DEBUG org.apache.http.impl.conn.DefaultClientConnection - Connection 0.0.0.0:54515<->34.128.80.217:8080 closed
15:25:06.912 [Finalizer] DEBUG org.apache.http.impl.conn.DefaultClientConnection - Connection 0.0.0.0:54514<->34.128.80.217:8080 closed
15:25:06.916 [main] DEBUG net.thucydides.core.steps.StepInterceptor - STARTING STEP: AuthUserSteps.setPostApiEndpoint - I set POST api endpoint
15:25:06.916 [main] DEBUG net.thucydides.core.steps.StepInterceptor - STEP DONE: I set POST api endpoint
  &amp#27;[32mGiven &amp#27;[0m&amp#27;[32mI set Post API endpoint&amp#27;[0m                                        &amp#27;[90m# starter.stepDefinition.AuthUserSteps.setPostApiEndpoint()&amp#27;[0m
15:25:06.918 [main] DEBUG net.thucydides.core.steps.StepInterceptor - STARTING STEP: AuthUserSteps.sendPostHTTPRequest - I send POST HTTP Request
15:25:06.919 [main] DEBUG net.thucydides.core.steps.StepInterceptor - STARTING STEP: PosLogUser.sendPostHttpRequest - I set POST api endpoint
15:25:06.919 [main] DEBUG net.thucydides.core.steps.StepInterceptor - STEP DONE: I set POST api endpoint
15:25:06.927 [main] DEBUG org.apache.http.impl.conn.BasicClientConnectionManager - Get connection for route {s}->https://capstone-project.duckdns.org:8080
15:25:06.928 [main] DEBUG org.apache.http.impl.conn.DefaultClientConnectionOperator - Connecting to capstone-project.duckdns.org:8080
15:25:07.030 [main] DEBUG org.apache.http.client.protocol.RequestAddCookies - CookieSpec selected: ignoreCookies
15:25:07.031 [main] DEBUG org.apache.http.client.protocol.RequestAuthCache - Auth cache not set in the context
15:25:07.031 [main] DEBUG org.apache.http.client.protocol.RequestTargetAuthentication - Target auth state: UNCHALLENGED
15:25:07.031 [main] DEBUG org.apache.http.client.protocol.RequestProxyAuthentication - Proxy auth state: UNCHALLENGED
15:25:07.031 [main] DEBUG org.apache.http.impl.client.DefaultHttpClient - Attempt 1 to execute request
15:25:07.031 [main] DEBUG org.apache.http.impl.conn.DefaultClientConnection - Sending request: POST /user/login HTTP/1.1
15:25:07.031 [main] DEBUG org.apache.http.wire -  >> "POST /user/login HTTP/1.1[\r][\n]"
15:25:07.031 [main] DEBUG org.apache.http.wire -  >> "Accept: */*[\r][\n]"
15:25:07.031 [main] DEBUG org.apache.http.wire -  >> "Content-Type: application/json[\r][\n]"
15:25:07.031 [main] DEBUG org.apache.http.wire -  >> "Content-Length: 57[\r][\n]"
15:25:07.031 [main] DEBUG org.apache.http.wire -  >> "Host: capstone-project.duckdns.org:8080[\r][\n]"
15:25:07.031 [main] DEBUG org.apache.http.wire -  >> "Connection: Keep-Alive[\r][\n]"
15:25:07.031 [main] DEBUG org.apache.http.wire -  >> "User-Agent: Apache-HttpClient/4.5.13 (Java/17.0.3.1)[\r][\n]"
15:25:07.031 [main] DEBUG org.apache.http.wire -  >> "Accept-Encoding: gzip,deflate[\r][\n]"
15:25:07.031 [main] DEBUG org.apache.http.wire -  >> "[\r][\n]"
15:25:07.031 [main] DEBUG org.apache.http.headers - >> POST /user/login HTTP/1.1
15:25:07.031 [main] DEBUG org.apache.http.headers - >> Accept: */*
15:25:07.031 [main] DEBUG org.apache.http.headers - >> Content-Type: application/json
15:25:07.031 [main] DEBUG org.apache.http.headers - >> Content-Length: 57
15:25:07.031 [main] DEBUG org.apache.http.headers - >> Host: capstone-project.duckdns.org:8080
15:25:07.031 [main] DEBUG org.apache.http.headers - >> Connection: Keep-Alive
15:25:07.031 [main] DEBUG org.apache.http.headers - >> User-Agent: Apache-HttpClient/4.5.13 (Java/17.0.3.1)
15:25:07.031 [main] DEBUG org.apache.http.headers - >> Accept-Encoding: gzip,deflate
15:25:07.031 [main] DEBUG org.apache.http.wire -  >> "{"password":"audyva","email":"audyva.alifia26@gmail.com"}"
15:25:07.160 [main] DEBUG org.apache.http.wire -  << "HTTP/1.1 200 OK[\r][\n]"
15:25:07.160 [main] DEBUG org.apache.http.wire -  << "Content-Type: application/json; charset=UTF-8[\r][\n]"
15:25:07.160 [main] DEBUG org.apache.http.wire -  << "Vary: Origin[\r][\n]"
15:25:07.160 [main] DEBUG org.apache.http.wire -  << "Date: Mon, 26 Jun 2023 08:25:13 GMT[\r][\n]"
15:25:07.160 [main] DEBUG org.apache.http.wire -  << "Content-Length: 829[\r][\n]"
15:25:07.160 [main] DEBUG org.apache.http.wire -  << "[\r][\n]"
15:25:07.160 [main] DEBUG org.apache.http.impl.conn.DefaultClientConnection - Receiving response: HTTP/1.1 200 OK
15:25:07.160 [main] DEBUG org.apache.http.headers - << HTTP/1.1 200 OK
15:25:07.160 [main] DEBUG org.apache.http.headers - << Content-Type: application/json; charset=UTF-8
15:25:07.160 [main] DEBUG org.apache.http.headers - << Vary: Origin
15:25:07.160 [main] DEBUG org.apache.http.headers - << Date: Mon, 26 Jun 2023 08:25:13 GMT
15:25:07.160 [main] DEBUG org.apache.http.headers - << Content-Length: 829
15:25:07.160 [main] DEBUG org.apache.http.impl.client.DefaultHttpClient - Connection can be kept alive indefinitely
15:25:07.160 [main] DEBUG io.restassured.internal.RestAssuredHttpBuilder - Parsing response as: application/json; charset=UTF-8
15:25:07.160 [main] DEBUG io.restassured.internal.RestAssuredHttpBuilder - Parsed data to instance of: class org.apache.http.conn.EofSensorInputStream
15:25:07.161 [main] DEBUG org.apache.http.wire -  << "{"message":"success login","token":"eyJhbGciOiJIUzI1NiIsInR5cCI6IkpXVCJ9.eyJJRCI6NCwiZW1haWwiOiJhdWR5dmEuYWxpZmlhMjZAZ21haWwuY29tIiwidXNlcm5hbWUiOiJhdWR5dmFpYSIsInBhc3N3b3JkIjoiJDJhJDEwJEJ6ZnhrdVlscEpMU2pFSTg0MG1YZi5OUzVudTU1SGhPNVIzY0JOSnpNTGdveG4wakVFQlNtIiwidGVscG9uIjoiIiwiYWxhbWF0IjoibWFsYW5nIiwiZ2VuZGVyIjoiUCIsInN0YXR1c19vbmxpbmUiOmZhbHNlLCJyb2xlIjoidXNlciIsImV4cCI6MTY4Nzg1NDMxM30.wpCIta5OEyGyHoJolu3PzCW3d0GTQfrbfYG8YsmXn_k","user":{"ID":4,"CreatedAt":"2023-06-25T07:02:58.949Z","UpdatedAt":"2023-06-25T07:02:58.949Z","DeletedAt":null,"email":"audyva.alifia26@gmail.com","username":"audyvaia","fullname":"","password":"$2a$10$BzfxkuYlpJLSjEI840mXf.NS5nu55HhO5R3cBNJzMLgoxn0jEEBSm","telpon":"","alamat":"malang","gender":"P","birthdate":"2003-01-01T00:00:00Z","status_online":false,"Doctors":null,"ChatwithDoctor":null}}[\n]"
15:25:07.161 [main] DEBUG org.apache.http.impl.conn.BasicClientConnectionManager - Releasing connection org.apache.http.impl.conn.ManagedClientConnectionImpl@102c24d1
15:25:07.161 [main] DEBUG org.apache.http.impl.conn.BasicClientConnectionManager - Connection can be kept alive indefinitely
15:25:07.162 [main] DEBUG net.thucydides.core.steps.StepInterceptor - STEP DONE: I send POST HTTP Request
  &amp#27;[32mWhen &amp#27;[0m&amp#27;[32mI send Post HTTP request&amp#27;[0m                                        &amp#27;[90m# starter.stepDefinition.AuthUserSteps.sendPostHTTPRequest()&amp#27;[0m
15:25:07.164 [main] DEBUG net.thucydides.core.steps.StepInterceptor - STARTING STEP: AuthUserSteps.receiveValidHTTP200 - I receive valid HTTP response code is 200
15:25:07.165 [main] DEBUG net.thucydides.core.steps.StepInterceptor - STEP DONE: I receive valid HTTP response code is 200
  &amp#27;[32mThen &amp#27;[0m&amp#27;[32mI receive valid HTTP Response code is 200&amp#27;[0m                       &amp#27;[90m# starter.stepDefinition.AuthUserSteps.receiveValidHTTP200()&amp#27;[0m
15:25:07.166 [main] DEBUG net.thucydides.core.steps.StepInterceptor - STARTING STEP: AuthUserSteps.receiveValidDataExistingAccount - I receive valid data for product category
15:25:07.174 [main] DEBUG net.thucydides.core.steps.StepInterceptor - STEP DONE: I receive valid data for product category
  &amp#27;[32mAnd &amp#27;[0m&amp#27;[32mI receive valid data for existing user account&amp#27;[0m                   &amp#27;[90m# starter.stepDefinition.AuthUserSteps.receiveValidDataExistingAccount()&amp#27;[0m
15:25:07.175 [main] INFO  - 
  _____   ___   ___   _____     ___     _     ___   ___   ___   ___  
 |_   _| | __| / __| |_   _|   | _ \   /_\   / __| / __| | __| |   \ 
   | |   | _|  \__ \   | |     |  _/  / _ \  \__ \ \__ \ | _|  | |) |
   |_|   |___| |___/   |_|     |_|   /_/ \_\ |___/ |___/ |___| |___/ 

POST - As user I have be able to login existing user account
----------------------------------------------------------------------
]]></system-out>
  </testcase>
  <testcase name="POST - As user I have be able to prevented to login" classname="Auth" time="0.34">
    <system-out><![CDATA[
Scenario: POST - As user I have be able to prevented to login &amp#27;[90m# src/test/resources/features/AuthUser.feature:13&amp#27;[0m
15:25:07.179 [main] INFO io.cucumber.core.plugin.SerenityReporter - Running feature from file:///C:/Users/VICTUS/IdeaProjects/RestAssuredCapstoneProject/src/test/resources/features/AuthUser.feature
15:25:07.180 [main] INFO  - 
  _____   ___   ___   _____     ___   _____     _     ___   _____   ___   ___  
 |_   _| | __| / __| |_   _|   / __| |_   _|   /_\   | _ \ |_   _| | __| |   \ 
   | |   | _|  \__ \   | |     \__ \   | |    / _ \  |   /   | |   | _|  | |) |
   |_|   |___| |___/   |_|     |___/   |_|   /_/ \_\ |_|_\   |_|   |___| |___/ 

POST - As user I have be able to prevented to login(auth;post---as-user-i-have-be-able-to-prevented-to-login)
--------------------------------------------------------------------------------
15:25:07.184 [main] DEBUG net.thucydides.core.steps.StepInterceptor - STARTING STEP: AuthUserSteps.setPostApiEndpointNeg - I set POST api endpoint
15:25:07.184 [main] DEBUG net.thucydides.core.steps.StepInterceptor - STEP DONE: I set POST api endpoint
  &amp#27;[32mGiven &amp#27;[0m&amp#27;[32mI set POST API endpoint&amp#27;[0m                               &amp#27;[90m# starter.stepDefinition.AuthUserSteps.setPostApiEndpointNeg()&amp#27;[0m
15:25:07.186 [main] DEBUG net.thucydides.core.steps.StepInterceptor - STARTING STEP: AuthUserSteps.sendPostHTTPRequestNeg - I send POST HTTP Request
15:25:07.187 [main] DEBUG net.thucydides.core.steps.StepInterceptor - STARTING STEP: NegLogUser.sendPostHttpRequestNeg - I set POST api endpoint
15:25:07.187 [main] DEBUG net.thucydides.core.steps.StepInterceptor - STEP DONE: I set POST api endpoint
15:25:07.198 [main] DEBUG org.apache.http.impl.conn.BasicClientConnectionManager - Get connection for route {s}->https://capstone-project.duckdns.org:8080
15:25:07.198 [main] DEBUG org.apache.http.impl.conn.DefaultClientConnectionOperator - Connecting to capstone-project.duckdns.org:8080
15:25:07.339 [main] DEBUG org.apache.http.client.protocol.RequestAddCookies - CookieSpec selected: ignoreCookies
15:25:07.339 [main] DEBUG org.apache.http.client.protocol.RequestAuthCache - Auth cache not set in the context
15:25:07.339 [main] DEBUG org.apache.http.client.protocol.RequestTargetAuthentication - Target auth state: UNCHALLENGED
15:25:07.339 [main] DEBUG org.apache.http.client.protocol.RequestProxyAuthentication - Proxy auth state: UNCHALLENGED
15:25:07.339 [main] DEBUG org.apache.http.impl.client.DefaultHttpClient - Attempt 1 to execute request
15:25:07.339 [main] DEBUG org.apache.http.impl.conn.DefaultClientConnection - Sending request: POST /user/login HTTP/1.1
15:25:07.339 [main] DEBUG org.apache.http.wire -  >> "POST /user/login HTTP/1.1[\r][\n]"
15:25:07.339 [main] DEBUG org.apache.http.wire -  >> "Accept: */*[\r][\n]"
15:25:07.339 [main] DEBUG org.apache.http.wire -  >> "Content-Type: application/json[\r][\n]"
15:25:07.339 [main] DEBUG org.apache.http.wire -  >> "Content-Length: 59[\r][\n]"
15:25:07.339 [main] DEBUG org.apache.http.wire -  >> "Host: capstone-project.duckdns.org:8080[\r][\n]"
15:25:07.339 [main] DEBUG org.apache.http.wire -  >> "Connection: Keep-Alive[\r][\n]"
15:25:07.339 [main] DEBUG org.apache.http.wire -  >> "User-Agent: Apache-HttpClient/4.5.13 (Java/17.0.3.1)[\r][\n]"
15:25:07.339 [main] DEBUG org.apache.http.wire -  >> "Accept-Encoding: gzip,deflate[\r][\n]"
15:25:07.339 [main] DEBUG org.apache.http.wire -  >> "[\r][\n]"
15:25:07.339 [main] DEBUG org.apache.http.headers - >> POST /user/login HTTP/1.1
15:25:07.339 [main] DEBUG org.apache.http.headers - >> Accept: */*
15:25:07.339 [main] DEBUG org.apache.http.headers - >> Content-Type: application/json
15:25:07.339 [main] DEBUG org.apache.http.headers - >> Content-Length: 59
15:25:07.339 [main] DEBUG org.apache.http.headers - >> Host: capstone-project.duckdns.org:8080
15:25:07.339 [main] DEBUG org.apache.http.headers - >> Connection: Keep-Alive
15:25:07.339 [main] DEBUG org.apache.http.headers - >> User-Agent: Apache-HttpClient/4.5.13 (Java/17.0.3.1)
15:25:07.339 [main] DEBUG org.apache.http.headers - >> Accept-Encoding: gzip,deflate
15:25:07.339 [main] DEBUG org.apache.http.wire -  >> "{"password":"ihhwibuu","email":"audyva.alifia26@gmail.com"}"
15:25:07.500 [main] DEBUG org.apache.http.wire -  << "HTTP/1.1 400 Bad Request[\r][\n]"
15:25:07.500 [main] DEBUG org.apache.http.wire -  << "Content-Type: application/json; charset=UTF-8[\r][\n]"
15:25:07.500 [main] DEBUG org.apache.http.wire -  << "Vary: Origin[\r][\n]"
15:25:07.500 [main] DEBUG org.apache.http.wire -  << "Date: Mon, 26 Jun 2023 08:25:13 GMT[\r][\n]"
15:25:07.500 [main] DEBUG org.apache.http.wire -  << "Content-Length: 38[\r][\n]"
15:25:07.500 [main] DEBUG org.apache.http.wire -  << "[\r][\n]"
15:25:07.500 [main] DEBUG org.apache.http.impl.conn.DefaultClientConnection - Receiving response: HTTP/1.1 400 Bad Request
15:25:07.500 [main] DEBUG org.apache.http.headers - << HTTP/1.1 400 Bad Request
15:25:07.500 [main] DEBUG org.apache.http.headers - << Content-Type: application/json; charset=UTF-8
15:25:07.500 [main] DEBUG org.apache.http.headers - << Vary: Origin
15:25:07.500 [main] DEBUG org.apache.http.headers - << Date: Mon, 26 Jun 2023 08:25:13 GMT
15:25:07.500 [main] DEBUG org.apache.http.headers - << Content-Length: 38
15:25:07.500 [main] DEBUG org.apache.http.impl.client.DefaultHttpClient - Connection can be kept alive indefinitely
15:25:07.500 [main] DEBUG io.restassured.internal.RestAssuredHttpBuilder - Parsing response as: application/json; charset=UTF-8
15:25:07.500 [main] DEBUG io.restassured.internal.RestAssuredHttpBuilder - Parsed data to instance of: class org.apache.http.conn.EofSensorInputStream
15:25:07.501 [main] DEBUG org.apache.http.wire -  << "{"message":"email or password wrong"}[\n]"
15:25:07.502 [main] DEBUG org.apache.http.impl.conn.BasicClientConnectionManager - Releasing connection org.apache.http.impl.conn.ManagedClientConnectionImpl@52f118aa
15:25:07.502 [main] DEBUG org.apache.http.impl.conn.BasicClientConnectionManager - Connection can be kept alive indefinitely
15:25:07.502 [main] DEBUG net.thucydides.core.steps.StepInterceptor - STEP DONE: I send POST HTTP Request
  &amp#27;[32mWhen &amp#27;[0m&amp#27;[32mI send POST HTTP request&amp#27;[0m                               &amp#27;[90m# starter.stepDefinition.AuthUserSteps.sendPostHTTPRequestNeg()&amp#27;[0m
15:25:07.504 [main] DEBUG net.thucydides.core.steps.StepInterceptor - STARTING STEP: AuthUserSteps.receiveValidHTTP400Neg - I receive valid HTTP response code is 400
15:25:07.504 [main] DEBUG net.thucydides.core.steps.StepInterceptor - STEP DONE: I receive valid HTTP response code is 400
  &amp#27;[32mThen &amp#27;[0m&amp#27;[32mI receive valid HTTP Response code is 400&amp#27;[0m              &amp#27;[90m# starter.stepDefinition.AuthUserSteps.receiveValidHTTP400Neg()&amp#27;[0m
15:25:07.507 [main] DEBUG net.thucydides.core.steps.StepInterceptor - STARTING STEP: AuthUserSteps.receiveErrMessagePreventedLogin - I prevented to login with error message
15:25:07.515 [main] DEBUG net.thucydides.core.steps.StepInterceptor - STEP DONE: I prevented to login with error message
  &amp#27;[32mAnd &amp#27;[0m&amp#27;[32mI prevented to login with error message&amp#27;[0m                 &amp#27;[90m# starter.stepDefinition.AuthUserSteps.receiveErrMessagePreventedLogin()&amp#27;[0m
15:25:07.516 [main] INFO  - 
  _____   ___   ___   _____     ___     _     ___   ___   ___   ___  
 |_   _| | __| / __| |_   _|   | _ \   /_\   / __| / __| | __| |   \ 
   | |   | _|  \__ \   | |     |  _/  / _ \  \__ \ \__ \ | _|  | |) |
   |_|   |___| |___/   |_|     |_|   /_/ \_\ |___/ |___/ |___| |___/ 

POST - As user I have be able to prevented to login
----------------------------------------------------------------------
]]></system-out>
  </testcase>
  <testcase name="GET - As admin I have be able to get doctor by id i input" classname="GetDoctorIdUser" time="0.286">
    <system-out><![CDATA[15:25:07.517 [main] INFO io.cucumber.core.plugin.SerenityReporter - Running feature from file:///C:/Users/VICTUS/IdeaProjects/RestAssuredCapstoneProject/src/test/resources/features/GetDocIdUser.feature
15:25:07.517 [main] DEBUG net.thucydides.core.steps.StepEventBus - Test suite started for story net.thucydides.core.model.Story@8f785b15
15:25:07.518 [main] INFO  - Test Suite Started: Get doctor id user

Scenario: GET - As admin I have be able to get doctor by id i input &amp#27;[90m# src/test/resources/features/GetDocIdUser.feature:6&amp#27;[0m
15:25:07.523 [main] INFO io.cucumber.core.plugin.SerenityReporter - Running feature from file:///C:/Users/VICTUS/IdeaProjects/RestAssuredCapstoneProject/src/test/resources/features/GetDocIdUser.feature
15:25:07.524 [main] INFO  - 
  _____   ___   ___   _____     ___   _____     _     ___   _____   ___   ___  
 |_   _| | __| / __| |_   _|   / __| |_   _|   /_\   | _ \ |_   _| | __| |   \ 
   | |   | _|  \__ \   | |     \__ \   | |    / _ \  |   /   | |   | _|  | |) |
   |_|   |___| |___/   |_|     |___/   |_|   /_/ \_\ |_|_\   |_|   |___| |___/ 

GET - As admin I have be able to get doctor by id i input(getdoctoriduser;get---as-admin-i-have-be-able-to-get-doctor-by-id-i-input)
--------------------------------------------------------------------------------
15:25:07.534 [main] DEBUG net.thucydides.core.steps.StepInterceptor - STARTING STEP: GetDoctorIdUserSteps.setGetApiEndpoints - I set GET api endpoints
15:25:07.534 [main] DEBUG net.thucydides.core.steps.StepInterceptor - STEP DONE: I set GET api endpoints
  &amp#27;[32mGiven &amp#27;[0m&amp#27;[32mI set GET api endpoints&amp#27;[0m                                     &amp#27;[90m# starter.stepDefinition.GetDoctorIdUserSteps.setGetApiEndpoints()&amp#27;[0m
15:25:07.537 [main] DEBUG net.thucydides.core.steps.StepInterceptor - STARTING STEP: GetDoctorIdUserSteps.sendGetHttpRequest - I send GET http request
15:25:07.538 [main] DEBUG net.thucydides.core.steps.StepInterceptor - STARTING STEP: PosGetDocIdUser.sendGetHttpRequest - I set GET api endpoints
15:25:07.538 [main] DEBUG net.thucydides.core.steps.StepInterceptor - STEP DONE: I set GET api endpoints
15:25:07.543 [main] DEBUG org.apache.http.impl.conn.BasicClientConnectionManager - Get connection for route {s}->https://capstone-project.duckdns.org:8080
15:25:07.544 [main] DEBUG org.apache.http.impl.conn.DefaultClientConnectionOperator - Connecting to capstone-project.duckdns.org:8080
15:25:07.706 [main] DEBUG org.apache.http.client.protocol.RequestAddCookies - CookieSpec selected: ignoreCookies
15:25:07.706 [main] DEBUG org.apache.http.client.protocol.RequestAuthCache - Auth cache not set in the context
15:25:07.706 [main] DEBUG org.apache.http.client.protocol.RequestTargetAuthentication - Target auth state: UNCHALLENGED
15:25:07.706 [main] DEBUG org.apache.http.client.protocol.RequestProxyAuthentication - Proxy auth state: UNCHALLENGED
15:25:07.706 [main] DEBUG org.apache.http.impl.client.DefaultHttpClient - Attempt 1 to execute request
15:25:07.706 [main] DEBUG org.apache.http.impl.conn.DefaultClientConnection - Sending request: GET /doctor/3 HTTP/1.1
15:25:07.706 [main] DEBUG org.apache.http.wire -  >> "GET /doctor/3 HTTP/1.1[\r][\n]"
15:25:07.706 [main] DEBUG org.apache.http.wire -  >> "Accept: */*[\r][\n]"
15:25:07.706 [main] DEBUG org.apache.http.wire -  >> "Host: capstone-project.duckdns.org:8080[\r][\n]"
15:25:07.706 [main] DEBUG org.apache.http.wire -  >> "Connection: Keep-Alive[\r][\n]"
15:25:07.706 [main] DEBUG org.apache.http.wire -  >> "User-Agent: Apache-HttpClient/4.5.13 (Java/17.0.3.1)[\r][\n]"
15:25:07.706 [main] DEBUG org.apache.http.wire -  >> "Accept-Encoding: gzip,deflate[\r][\n]"
15:25:07.706 [main] DEBUG org.apache.http.wire -  >> "[\r][\n]"
15:25:07.706 [main] DEBUG org.apache.http.headers - >> GET /doctor/3 HTTP/1.1
15:25:07.706 [main] DEBUG org.apache.http.headers - >> Accept: */*
15:25:07.706 [main] DEBUG org.apache.http.headers - >> Host: capstone-project.duckdns.org:8080
15:25:07.706 [main] DEBUG org.apache.http.headers - >> Connection: Keep-Alive
15:25:07.706 [main] DEBUG org.apache.http.headers - >> User-Agent: Apache-HttpClient/4.5.13 (Java/17.0.3.1)
15:25:07.706 [main] DEBUG org.apache.http.headers - >> Accept-Encoding: gzip,deflate
15:25:07.775 [main] DEBUG org.apache.http.wire -  << "HTTP/1.1 200 OK[\r][\n]"
15:25:07.776 [main] DEBUG org.apache.http.wire -  << "Content-Type: application/json; charset=UTF-8[\r][\n]"
15:25:07.776 [main] DEBUG org.apache.http.wire -  << "Vary: Origin[\r][\n]"
15:25:07.776 [main] DEBUG org.apache.http.wire -  << "Date: Mon, 26 Jun 2023 08:25:13 GMT[\r][\n]"
15:25:07.776 [main] DEBUG org.apache.http.wire -  << "Content-Length: 1174[\r][\n]"
15:25:07.776 [main] DEBUG org.apache.http.wire -  << "[\r][\n]"
15:25:07.776 [main] DEBUG org.apache.http.impl.conn.DefaultClientConnection - Receiving response: HTTP/1.1 200 OK
15:25:07.776 [main] DEBUG org.apache.http.headers - << HTTP/1.1 200 OK
15:25:07.776 [main] DEBUG org.apache.http.headers - << Content-Type: application/json; charset=UTF-8
15:25:07.776 [main] DEBUG org.apache.http.headers - << Vary: Origin
15:25:07.776 [main] DEBUG org.apache.http.headers - << Date: Mon, 26 Jun 2023 08:25:13 GMT
15:25:07.776 [main] DEBUG org.apache.http.headers - << Content-Length: 1174
15:25:07.776 [main] DEBUG org.apache.http.impl.client.DefaultHttpClient - Connection can be kept alive indefinitely
15:25:07.776 [main] DEBUG io.restassured.internal.RestAssuredHttpBuilder - Parsing response as: application/json; charset=UTF-8
15:25:07.776 [main] DEBUG io.restassured.internal.RestAssuredHttpBuilder - Parsed data to instance of: class org.apache.http.conn.EofSensorInputStream
15:25:07.777 [main] DEBUG org.apache.http.wire -  << "{"doctor":{"ID":3,"CreatedAt":"2023-06-25T07:02:08.479Z","UpdatedAt":"2023-06-25T07:03:21.781Z","DeletedAt":null,"email":"audyvairefilevitasarialifia9@gmail.com","password":"$2a$10$FbAaPx4GwsOBxgleHT4x..tYvRuRmWxiikwioH5vVOwtkY/NYSjnC","full_name":"audyvaalifia","display_name":"","nik":"894789274892749827","gender":"P","birth_place":"dummy city","birth_date":"2000-01-01T00:00:00Z","religion":"dummy","alumnus":"dummy univ","jurusan":"dummy","work_experience":0,"work":"dummy","grad_year":"2000","alumnus2":"","jurusan2":"","grad_year2":"","year_entry":"","year_out":"","practice_address":"dummy street","price":0,"komisi":0,"balance":0,"cv":"https://s3capstone.s3.ap-southeast-2.amazonaws.com/uploads/cv/2023-06-25-2843.pdf","ijazah":"https://s3capstone.s3.ap-southeast-2.amazonaws.com/uploads/ijazah/2023-06-25-2843.pdf","str":"https://s3capstone.s3.ap-southeast-2.amazonaws.com/uploads/str/2023-06-25-2843.pdf","sip":"https://s3capstone.s3.ap-southeast-2.amazonaws.com/uploads/sip/2023-06-25-2843.pdf","propic":"","status_online":false,"statu"
15:25:07.777 [main] DEBUG org.apache.http.wire -  << "s":"approved","str_number":"dummystrnum","specialist":"","description":"","ChatwithUser":null},"message":"success get doctor"}[\n]"
15:25:07.777 [main] DEBUG org.apache.http.impl.conn.BasicClientConnectionManager - Releasing connection org.apache.http.impl.conn.ManagedClientConnectionImpl@104cf647
15:25:07.777 [main] DEBUG org.apache.http.impl.conn.BasicClientConnectionManager - Connection can be kept alive indefinitely
15:25:07.778 [main] DEBUG net.thucydides.core.steps.StepInterceptor - STEP DONE: I send GET http request
[...]
15:25:08.145 [main] DEBUG org.apache.http.client.protocol.RequestAddCookies - CookieSpec selected: ignoreCookies
15:25:08.145 [main] DEBUG org.apache.http.client.protocol.RequestAuthCache - Auth cache not set in the context
15:25:08.145 [main] DEBUG org.apache.http.client.protocol.RequestTargetAuthentication - Target auth state: UNCHALLENGED
15:25:08.145 [main] DEBUG org.apache.http.client.protocol.RequestProxyAuthentication - Proxy auth state: UNCHALLENGED
15:25:08.145 [main] DEBUG org.apache.http.impl.client.DefaultHttpClient - Attempt 1 to execute request
15:25:08.145 [main] DEBUG org.apache.http.impl.conn.DefaultClientConnection - Sending request: GET /articles/search?keyword=mental HTTP/1.1
15:25:08.145 [main] DEBUG org.apache.http.wire -  >> "GET /articles/search?keyword=mental HTTP/1.1[\r][\n]"
15:25:08.145 [main] DEBUG org.apache.http.wire -  >> "Accept: */*[\r][\n]"
15:25:08.145 [main] DEBUG org.apache.http.wire -  >> "Host: capstone-project.duckdns.org:8080[\r][\n]"
15:25:08.145 [main] DEBUG org.apache.http.wire -  >> "Connection: Keep-Alive[\r][\n]"
15:25:08.145 [main] DEBUG org.apache.http.wire -  >> "User-Agent: Apache-HttpClient/4.5.13 (Java/17.0.3.1)[\r][\n]"
15:25:08.145 [main] DEBUG org.apache.http.wire -  >> "Accept-Encoding: gzip,deflate[\r][\n]"
15:25:08.145 [main] DEBUG org.apache.http.wire -  >> "[\r][\n]"
15:25:08.145 [main] DEBUG org.apache.http.headers - >> GET /articles/search?keyword=mental HTTP/1.1
15:25:08.145 [main] DEBUG org.apache.http.headers - >> Accept: */*
15:25:08.145 [main] DEBUG org.apache.http.headers - >> Host: capstone-project.duckdns.org:8080
15:25:08.145 [main] DEBUG org.apache.http.headers - >> Connection: Keep-Alive
15:25:08.145 [main] DEBUG org.apache.http.headers - >> User-Agent: Apache-HttpClient/4.5.13 (Java/17.0.3.1)
15:25:08.145 [main] DEBUG org.apache.http.headers - >> Accept-Encoding: gzip,deflate
15:25:08.197 [main] DEBUG org.apache.http.wire -  << "HTTP/1.1 200 OK[\r][\n]"
15:25:08.198 [main] DEBUG org.apache.http.wire -  << "Content-Type: application/json; charset=UTF-8[\r][\n]"
15:25:08.198 [main] DEBUG org.apache.http.wire -  << "Vary: Origin[\r][\n]"
15:25:08.198 [main] DEBUG org.apache.http.wire -  << "Date: Mon, 26 Jun 2023 08:25:14 GMT[\r][\n]"
15:25:08.198 [main] DEBUG org.apache.http.wire -  << "Transfer-Encoding: chunked[\r][\n]"
15:25:08.198 [main] DEBUG org.apache.http.wire -  << "[\r][\n]"
15:25:08.198 [main] DEBUG org.apache.http.impl.conn.DefaultClientConnection - Receiving response: HTTP/1.1 200 OK
15:25:08.198 [main] DEBUG org.apache.http.headers - << HTTP/1.1 200 OK
15:25:08.198 [main] DEBUG org.apache.http.headers - << Content-Type: application/json; charset=UTF-8
15:25:08.198 [main] DEBUG org.apache.http.headers - << Vary: Origin
15:25:08.198 [main] DEBUG org.apache.http.headers - << Date: Mon, 26 Jun 2023 08:25:14 GMT
15:25:08.198 [main] DEBUG org.apache.http.headers - << Transfer-Encoding: chunked
15:25:08.199 [main] DEBUG org.apache.http.impl.client.DefaultHttpClient - Connection can be kept alive indefinitely
15:25:08.199 [main] DEBUG io.restassured.internal.RestAssuredHttpBuilder - Parsing response as: application/json; charset=UTF-8
15:25:08.199 [main] DEBUG io.restassured.internal.RestAssuredHttpBuilder - Parsed data to instance of: class org.apache.http.conn.EofSensorInputStream
15:25:08.200 [main] DEBUG org.apache.http.wire -  << "14d0[\r][\n]"
15:25:08.200 [main] DEBUG org.apache.http.wire -  << "{"data":[{"id":1,"title":"Mendukung Kesehatan Mental: Mengatasi Tantangan dalam Hidup Sehari-hari untuk generasi z","thumbnail":"https://s3capstone.s3.ap-southeast-2.amazonaws.com/uploads/article/2023-06-25-1643.png","content":"\u003cp\u003e\u003cstrong\u003eKesehatan mental\u003c/strong\u003e adalah aspek penting dari kesejahteraan kita yang tidak boleh diabaikan. Di tengah kehidupan yang serba cepat dan tekanan yang tinggi, penting bagi kita untuk menjaga kesehatan mental kita agar tetap seimbang dan bahagia. Berikut ini adalah beberapa tips untuk mengatasi tantangan dalam hidup sehari-hari dan mendukung kesehatan mental kita:\u003c/p\u003e\u003col\u003e\u003cli\u003eMengelola Stres: Stres dapat memiliki dampak negatif pada kesehatan mental kita. Penting bagi kita untuk mengenali tanda-tanda stres dan mengambil langkah-langkah untuk mengelolanya. Carilah cara-cara untuk meredakan stres seperti olahraga, meditasi, atau melakukan hobi yang kita sukai.\u003c/li\u003e\u003cli\u003eMenjaga Keseimbangan Hidup: Penting bagi "
15:25:08.205 [main] DEBUG org.apache.http.wire -  << "kita untuk menciptakan keseimbangan antara pekerjaan, kehidupan pribadi, dan waktu istirahat. Berikan waktu untuk diri sendiri, keluarga, dan teman-teman, serta lakukan aktivitas yang menyenangkan untuk mengisi energi positif.\u003c/li\u003e\u003cli\u003eMengembangkan Dukungan Sosial: Membangun hubungan yang sehat dan saling mendukung dengan orang lain dapat membantu mengatasi tantangan dan meningkatkan kesehatan mental. Carilah dukungan dari keluarga, teman, atau bahkan bergabung dengan komunitas yang memiliki minat yang sama.\u003c/li\u003e\u003cli\u003eBerlatih Self-Care: Jangan lupa merawat diri sendiri secara fisik dan emosional. Lakukan kegiatan yang membuat kita merasa baik, seperti tidur yang cukup, mengonsumsi makanan bergizi, dan melibatkan diri dalam kegiatan yang memberikan kepuasan.\u003c/li\u003e\u003cli\u003eMencari Bantuan Profesional: Jika kita merasa kesulitan mengatasi masalah kesehatan mental kita sendiri, jangan ragu untuk mencari bantuan profesional. Konselor, psikolog, atau psikiater dapat memberikan bantuan dan dukungan yang diperlukan.\u003c/li\u003e\u003c/ol\u003e\u003cp\u003eMendukung kesehatan mental adalah investasi jangka panjang dalam kesejahteraan dan kebahagiaan kita. Dengan menghadapi tantangan dalam hidup sehari-hari dengan sikap yang positif dan mengambil langkah-langkah untuk menjaga kesehatan mental kita, kita dapat mencapai kualitas hidup yang lebih baik dan lebih seimbang secara keseluruhan.\u003c/p\u003e","category":"Kesehatan Mental"},{"id":12,"title":"Kesehatan mental kaum rebahan generasi Z tahun 2023","thumbnail":"https://s3capstone.s3.ap-southeast-2.amazonaws.com/uploads/article/2023-06-25-8720.png","content":"\u003cp style=\"outline: rgb(255, 0, 0) solid 2px;\"\u003eGenerasi Z atau sebagai gen Z (lahir antara 1996-2012) disebut punya mental yang lemah. Terdapat banyak orang, khususnya generasi-generasi sebelumnya yang memberi cap mental sensitive. Aktivis HAM dan penggiat inklusi Bahrul Fuad, mengungkapkan bahwa hal itu hanyalah stigma. Dia mengungkapkan cap ini terjadi lantaran perhatian dan kesadaran soal kesehatan mental di masa lalu belum seperti sekarang. Saat ini, Gen Z dianggap lebih sadar soal kesehatan mental sehingga negatifnya mereka tak jarang menjadikan kesehatan mental untuk melindungi dirinya.\u003c/p\u003e\u003cp style=\"outline: rgb(255, 0, 0) solid 2px;\"\u003ePresid"
15:25:08.205 [Finalizer] DEBUG org.apache.http.impl.conn.DefaultClientConnection - Connection 0.0.0.0:54518<->34.128.80.217:8080 closed
15:25:08.205 [main] DEBUG org.apache.http.wire -  << "en Asosiasi Pencegahan Bunuh Diri Indonesia (INASP) Sandersan Onie mengungkapkan bahwa mental gen Z saat ini memang lebih rentan depresi. Berbagai tantangan dan persaingan yang jauh lebih berat dianggap jadi penyebab utama mental Gen Z disebut lemah. Selain itu, media sosial yang membuat mereka jadi sibuk membandingkan diri sendiri dengan persona sempurna yang diunggah di dunia maya.\u003c/p\u003e\u003cp style=\"outline: rgb(255, 0, 0) solid 2px;\"\u003e[0xe2][0x80][0x9c]Anak saat bertumbuh tidak cuma dibandingkan dengan kakak, adik atau teman, ta"
15:25:08.205 [Finalizer] DEBUG org.apache.http.impl.conn.DefaultClientConnection - Connection 0.0.0.0:54519<->34.128.80.217:8080 closed
15:25:08.205 [main] DEBUG org.apache.http.wire -  << "pi di media sosial dibandingkan dengan anak dari seluruh dunia,[0xe2][0x80][0x9d] katanya. Meski demikian, mental Gen Z dianggap lebih berani mengakui kerapuhan dirinya karena mereka terpapar informasi mengenai kesehatan mental. Hal ini, katanya, patut diapresiasi lantaran butuh keberanian untuk mengakuinya.\u003c/p\u003e\u003cp style=\"outline: rgb(255, 0, 0) solid 2px;\"\u003eRiset Kesehatan Dasar (Riskesdas) 2018, menunjukkan lebih dari 19 juta penduduk berusia lebih dari 15 tahun mengalami gangguan mental emosional, dan lebih dari 12 juta penduduk berusia lebih dari 15 tahun mengalami depresi. Selain itu berdasarkan Sistem Registrasi Sampel yang dilakukan Badan Litbangkes tahun 2016, diperoleh data bunuh diri pertahun sebanyak 1.800 orang atau setiap hari ada 5 orang melakukan bunuh diri, serta 47,7% korban bunuh diri adalah pada usia 10-39 tahun yang merupakan usia anak remaja dan usia produktif. Direktur Pencegahan dan Pengendalian Masalah Kesehatan Jiwa dan Napza Dr.Celestinus Eigya Munthe menjelaskan masalah kesehatan jiwa di Indonesia terkait dengan masalah tingginya prevalensi orang dengan gangguan jiwa. Untuk saat ini Indonesia memiliki prevalensi orang dengan gangguan jiwa sekitar 1 dari 5 penduduk, artinya sekitar 20% populasi di Indonesia itu mempunyai potensi-potensi masalah gangguan jiwa.\u003c/p\u003e","category":"Depresi"}],"message":"success get articles"}[\n]"
15:25:08.205 [main] DEBUG org.apache.http.wire -  << "[\r][\n]"
15:25:08.205 [main] DEBUG org.apache.http.wire -  << "0[\r][\n]"
15:25:08.205 [main] DEBUG org.apache.http.wire -  << "[\r][\n]"
15:25:08.205 [main] DEBUG org.apache.http.impl.conn.BasicClientConnectionManager - Releasing connection org.apache.http.impl.conn.ManagedClientConnectionImpl@6e00d737
15:25:08.205 [main] DEBUG org.apache.http.impl.conn.BasicClientConnectionManager - Connection can be kept alive indefinitely
15:25:08.205 [Finalizer] DEBUG org.apache.http.impl.conn.DefaultClientConnection - Connection 0.0.0.0:54520<->34.128.80.217:8080 closed
15:25:08.206 [Finalizer] DEBUG org.apache.http.impl.conn.DefaultClientConnection - Connection 0.0.0.0:54516<->34.128.80.217:8080 closed
15:25:08.206 [Finalizer] DEBUG org.apache.http.impl.conn.DefaultClientConnection - Connection 0.0.0.0:54517<->34.128.80.217:8080 closed
15:25:08.210 [main] DEBUG net.thucydides.core.steps.StepInterceptor - STEP DONE: I send GET HTTP Request
  &amp#27;[32mWhen &amp#27;[0m&amp#27;[32mI send GET HTTP Request&amp#27;[0m                                              &amp#27;[90m# starter.stepDefinition.SearchArticleUserSteps.sendGetHttpRequest()&amp#27;[0m
15:25:08.212 [main] DEBUG net.thucydides.core.steps.StepInterceptor - STARTING STEP: SearchArticleUserSteps.receiveValidHttpResponse - I receive valid HTTP response code is 200
15:25:08.212 [main] DEBUG net.thucydides.core.steps.StepInterceptor - STEP DONE: I receive valid HTTP response code is 200
  &amp#27;[32mThen &amp#27;[0m&amp#27;[32mI receive valid HTTP response code is 200&amp#27;[0m                            &amp#27;[90m# starter.stepDefinition.SearchArticleUserSteps.receiveValidHttpResponse()&amp#27;[0m
15:25:08.213 [main] DEBUG net.thucydides.core.steps.StepInterceptor - STARTING STEP: SearchArticleUserSteps.validateDataArticleKeyword - I receive valid data for article based on my keyword
15:25:08.231 [main] DEBUG net.thucydides.core.steps.StepInterceptor - STEP DONE: I receive valid data for article based on my keyword
  &amp#27;[32mAnd &amp#27;[0m&amp#27;[32mI receive valid data for article based on my keyword&amp#27;[0m                  &amp#27;[90m# starter.stepDefinition.SearchArticleUserSteps.validateDataArticleKeyword()&amp#27;[0m
15:25:08.232 [main] INFO  - 
  _____   ___   ___   _____     ___     _     ___   ___   ___   ___  
 |_   _| | __| / __| |_   _|   | _ \   /_\   / __| / __| | __| |   \ 
   | |   | _|  \__ \   | |     |  _/  / _ \  \__ \ \__ \ | _|  | |) |
   |_|   |___| |___/   |_|     |_|   /_/ \_\ |___/ |___/ |___| |___/ 

GET - As user I have be able to search article by keyword i input
----------------------------------------------------------------------
]]></system-out>
  </testcase>
  <testcase name="GET - As user I have be able to get blank page for article keyword i input" classname="SearchArticle" time="0.173">
    <system-out><![CDATA[
Scenario: GET - As user I have be able to get blank page for article keyword i input &amp#27;[90m# src/test/resources/features/SearchArticleUser.feature:12&amp#27;[0m
15:25:08.236 [main] INFO io.cucumber.core.plugin.SerenityReporter - Running feature from file:///C:/Users/VICTUS/IdeaProjects/RestAssuredCapstoneProject/src/test/resources/features/SearchArticleUser.feature
15:25:08.237 [main] INFO  - 
  _____   ___   ___   _____     ___   _____     _     ___   _____   ___   ___  
 |_   _| | __| / __| |_   _|   / __| |_   _|   /_\   | _ \ |_   _| | __| |   \ 
   | |   | _|  \__ \   | |     \__ \   | |    / _ \  |   /   | |   | _|  | |) |
   |_|   |___| |___/   |_|     |___/   |_|   /_/ \_\ |_|_\   |_|   |___| |___/ 

GET - As user I have be able to get blank page for article keyword i input(searcharticle;get---as-user-i-have-be-able-to-get-blank-page-for-article-keyword-i-input)
--------------------------------------------------------------------------------
15:25:08.242 [main] DEBUG net.thucydides.core.steps.StepInterceptor - STARTING STEP: SearchArticleUserSteps.setGetApiEndpointsNeg - I set GET API endpoint
15:25:08.242 [main] DEBUG net.thucydides.core.steps.StepInterceptor - STEP DONE: I set GET API endpoint
  &amp#27;[32mGiven &amp#27;[0m&amp#27;[32mI set GET API endpoint&amp#27;[0m                                                       &amp#27;[90m# starter.stepDefinition.SearchArticleUserSteps.setGetApiEndpointsNeg()&amp#27;[0m
15:25:08.243 [main] DEBUG net.thucydides.core.steps.StepInterceptor - STARTING STEP: SearchArticleUserSteps.sendGetHttpRequestNeg - I send GET HTTP request
15:25:08.244 [main] DEBUG net.thucydides.core.steps.StepInterceptor - STARTING STEP: NegSearchArtcUser.sendGetHttpRequestNeg - I set GET API endpoint
15:25:08.244 [main] DEBUG net.thucydides.core.steps.StepInterceptor - STEP DONE: I set GET API endpoint
15:25:08.249 [main] DEBUG org.apache.http.impl.conn.BasicClientConnectionManager - Get connection for route {s}->https://capstone-project.duckdns.org:8080
15:25:08.249 [main] DEBUG org.apache.http.impl.conn.DefaultClientConnectionOperator - Connecting to capstone-project.duckdns.org:8080
15:25:08.336 [main] DEBUG org.apache.http.client.protocol.RequestAddCookies - CookieSpec selected: ignoreCookies
15:25:08.336 [main] DEBUG org.apache.http.client.protocol.RequestAuthCache - Auth cache not set in the context
15:25:08.336 [main] DEBUG org.apache.http.client.protocol.RequestTargetAuthentication - Target auth state: UNCHALLENGED
15:25:08.336 [main] DEBUG org.apache.http.client.protocol.RequestProxyAuthentication - Proxy auth state: UNCHALLENGED
15:25:08.336 [main] DEBUG org.apache.http.impl.client.DefaultHttpClient - Attempt 1 to execute request
15:25:08.336 [main] DEBUG org.apache.http.impl.conn.DefaultClientConnection - Sending request: GET /articles/search?keyword=afjnskjfnklsnfl HTTP/1.1
15:25:08.336 [main] DEBUG org.apache.http.wire -  >> "GET /articles/search?keyword=afjnskjfnklsnfl HTTP/1.1[\r][\n]"
15:25:08.336 [main] DEBUG org.apache.http.wire -  >> "Accept: */*[\r][\n]"
15:25:08.336 [main] DEBUG org.apache.http.wire -  >> "Host: capstone-project.duckdns.org:8080[\r][\n]"
15:25:08.336 [main] DEBUG org.apache.http.wire -  >> "Connection: Keep-Alive[\r][\n]"
15:25:08.336 [main] DEBUG org.apache.http.wire -  >> "User-Agent: Apache-HttpClient/4.5.13 (Java/17.0.3.1)[\r][\n]"
15:25:08.336 [main] DEBUG org.apache.http.wire -  >> "Accept-Encoding: gzip,deflate[\r][\n]"
15:25:08.336 [main] DEBUG org.apache.http.wire -  >> "[\r][\n]"
15:25:08.336 [main] DEBUG org.apache.http.headers - >> GET /articles/search?keyword=afjnskjfnklsnfl HTTP/1.1
15:25:08.336 [main] DEBUG org.apache.http.headers - >> Accept: */*
15:25:08.336 [main] DEBUG org.apache.http.headers - >> Host: capstone-project.duckdns.org:8080
15:25:08.336 [main] DEBUG org.apache.http.headers - >> Connection: Keep-Alive
15:25:08.336 [main] DEBUG org.apache.http.headers - >> User-Agent: Apache-HttpClient/4.5.13 (Java/17.0.3.1)
15:25:08.336 [main] DEBUG org.apache.http.headers - >> Accept-Encoding: gzip,deflate
15:25:08.386 [main] DEBUG org.apache.http.wire -  << "HTTP/1.1 200 OK[\r][\n]"
15:25:08.386 [main] DEBUG org.apache.http.wire -  << "Content-Type: application/json; charset=UTF-8[\r][\n]"
15:25:08.386 [main] DEBUG org.apache.http.wire -  << "Vary: Origin[\r][\n]"
15:25:08.386 [main] DEBUG org.apache.http.wire -  << "Date: Mon, 26 Jun 2023 08:25:14 GMT[\r][\n]"
15:25:08.386 [main] DEBUG org.apache.http.wire -  << "Content-Length: 45[\r][\n]"
15:25:08.386 [main] DEBUG org.apache.http.wire -  << "[\r][\n]"
15:25:08.386 [main] DEBUG org.apache.http.impl.conn.DefaultClientConnection - Receiving response: HTTP/1.1 200 OK
15:25:08.386 [main] DEBUG org.apache.http.headers - << HTTP/1.1 200 OK
15:25:08.386 [main] DEBUG org.apache.http.headers - << Content-Type: application/json; charset=UTF-8
15:25:08.386 [main] DEBUG org.apache.http.headers - << Vary: Origin
15:25:08.386 [main] DEBUG org.apache.http.headers - << Date: Mon, 26 Jun 2023 08:25:14 GMT
15:25:08.386 [main] DEBUG org.apache.http.headers - << Content-Length: 45
15:25:08.386 [main] DEBUG org.apache.http.impl.client.DefaultHttpClient - Connection can be kept alive indefinitely
15:25:08.386 [main] DEBUG io.restassured.internal.RestAssuredHttpBuilder - Parsing response as: application/json; charset=UTF-8
15:25:08.386 [main] DEBUG io.restassured.internal.RestAssuredHttpBuilder - Parsed data to instance of: class org.apache.http.conn.EofSensorInputStream
15:25:08.388 [main] DEBUG org.apache.http.wire -  << "{"data":[],"message":"success get articles"}[\n]"
15:25:08.388 [main] DEBUG org.apache.http.impl.conn.BasicClientConnectionManager - Releasing connection org.apache.http.impl.conn.ManagedClientConnectionImpl@582b14e2
15:25:08.388 [main] DEBUG org.apache.http.impl.conn.BasicClientConnectionManager - Connection can be kept alive indefinitely
15:25:08.388 [main] DEBUG net.thucydides.core.steps.StepInterceptor - STEP DONE: I send GET HTTP request
  &amp#27;[32mWhen &amp#27;[0m&amp#27;[32mI send GET HTTP request&amp#27;[0m                                                       &amp#27;[90m# starter.stepDefinition.SearchArticleUserSteps.sendGetHttpRequestNeg()&amp#27;[0m
15:25:08.391 [main] DEBUG net.thucydides.core.steps.StepInterceptor - STARTING STEP: SearchArticleUserSteps.receiveValidHttpResponseNeg - I Receive valid HTTP response code is 200
15:25:08.391 [main] DEBUG net.thucydides.core.steps.StepInterceptor - STEP DONE: I Receive valid HTTP response code is 200
  &amp#27;[32mThen &amp#27;[0m&amp#27;[32mI Receive valid HTTP response code is 200&amp#27;[0m                                     &amp#27;[90m# starter.stepDefinition.SearchArticleUserSteps.receiveValidHttpResponseNeg()&amp#27;[0m
15:25:08.393 [main] DEBUG net.thucydides.core.steps.StepInterceptor - STARTING STEP: SearchArticleUserSteps.validateDataArticleKeywordNeg - I receive blank data for article based on my false keyword
15:25:08.405 [main] DEBUG net.thucydides.core.steps.StepInterceptor - STEP DONE: I receive blank data for article based on my false keyword
  &amp#27;[32mAnd &amp#27;[0m&amp#27;[32mI receive blank data for article based on my false keyword&amp#27;[0m                     &amp#27;[90m# starter.stepDefinition.SearchArticleUserSteps.validateDataArticleKeywordNeg()&amp#27;[0m
15:25:08.406 [main] INFO  - 
  _____   ___   ___   _____     ___     _     ___   ___   ___   ___  
 |_   _| | __| / __| |_   _|   | _ \   /_\   / __| / __| | __| |   \ 
   | |   | _|  \__ \   | |     |  _/  / _ \  \__ \ \__ \ | _|  | |) |
   |_|   |___| |___/   |_|     |_|   /_/ \_\ |___/ |___/ |___| |___/ 

GET - As user I have be able to get blank page for article keyword i input
----------------------------------------------------------------------
]]></system-out>
  </testcase>
</testsuite>